------------------------------------------------------------------------------------------------------------------------

[2025-03-31 00:18:51 #1 store] 
Database 'C:\Users\ainho\git\rides\Rides24v1\mydb.odb' is opened by 25196@LAPTOP-SGCE98M9

[2025-03-31 00:18:52 #2 type] 
Type domain.Driver is not enhanced.

[2025-03-31 00:18:52 #3 type] 
Type domain.Ride is not enhanced.

[2025-03-31 00:18:52 #4 type] 
Type domain.User is not enhanced.

[2025-03-31 00:18:52 #5 type] 
Type domain.Booking is not enhanced.

[2025-03-31 00:18:52 #6 store] 
Database 'C:\Users\ainho\git\rides\Rides24v1\src\main\resources\rides.temp' is opened by 25196@LAPTOP-SGCE98M9

------------------------------------------------------------------------------------------------------------------------

[2025-03-31 00:24:58 #1 store] 
Database 'C:\Users\ainho\git\rides\Rides24v1\mydb.odb' is opened by 19224@LAPTOP-SGCE98M9

[2025-03-31 00:24:58 #2 type] 
Type domain.Driver is not enhanced.

[2025-03-31 00:24:58 #3 type] 
Type domain.Ride is not enhanced.

[2025-03-31 00:24:58 #4 type] 
Type domain.User is not enhanced.

[2025-03-31 00:24:58 #5 type] 
Type domain.Booking is not enhanced.

[2025-03-31 00:24:58 #6 store] 
Database 'C:\Users\ainho\git\rides\Rides24v1\src\main\resources\rides.temp' has been recovered (tr. 31-31)

[2025-03-31 00:24:58 #7 store] 
Database 'C:\Users\ainho\git\rides\Rides24v1\src\main\resources\rides.temp' is opened by 19224@LAPTOP-SGCE98M9

------------------------------------------------------------------------------------------------------------------------

[2025-03-31 12:55:51 #1 store] 
Database 'C:\Users\ainho\git\rides\Rides24v1\mydb.odb' is opened by 5952@LAPTOP-SGCE98M9

[2025-03-31 12:55:51 #2 type] 
Type domain.Driver is not enhanced.

[2025-03-31 12:55:51 #3 type] 
Type domain.Ride is not enhanced.

[2025-03-31 12:55:51 #4 type] 
Type domain.User is not enhanced.

[2025-03-31 12:55:51 #5 type] 
Type domain.Booking is not enhanced.

[2025-03-31 12:55:51 #6 store] 
Database 'C:\Users\ainho\git\rides\Rides24v1\src\main\resources\rides.temp' is opened by 5952@LAPTOP-SGCE98M9

------------------------------------------------------------------------------------------------------------------------

[2025-03-31 12:56:23 #1 store] 
Database 'C:\Users\ainho\git\rides\Rides24v1\mydb.odb' is opened by 24252@LAPTOP-SGCE98M9

[2025-03-31 12:56:24 #2 type] 
Type domain.Driver is not enhanced.

[2025-03-31 12:56:24 #3 type] 
Type domain.Ride is not enhanced.

[2025-03-31 12:56:24 #4 type] 
Type domain.User is not enhanced.

[2025-03-31 12:56:24 #5 type] 
Type domain.Booking is not enhanced.

[2025-03-31 12:56:24 #6 store] 
Database 'C:\Users\ainho\git\rides\Rides24v1\src\main\resources\rides.temp' is opened by 24252@LAPTOP-SGCE98M9

------------------------------------------------------------------------------------------------------------------------

[2025-03-31 13:00:22 #1 store] 
Database 'C:\Users\ainho\git\rides\Rides24v1\mydb.odb' is opened by 10092@LAPTOP-SGCE98M9

[2025-03-31 13:00:22 #2 type] 
Type domain.Driver is not enhanced.

[2025-03-31 13:00:22 #3 type] 
Type domain.Ride is not enhanced.

[2025-03-31 13:00:22 #4 type] 
Type domain.User is not enhanced.

[2025-03-31 13:00:22 #5 type] 
Type domain.Booking is not enhanced.

[2025-03-31 13:00:22 #6 store] 
Database 'C:\Users\ainho\git\rides\Rides24v1\src\main\resources\rides.temp' has been recovered (tr. 32-35)

[2025-03-31 13:00:22 #7 store] 
Database 'C:\Users\ainho\git\rides\Rides24v1\src\main\resources\rides.temp' is opened by 10092@LAPTOP-SGCE98M9

------------------------------------------------------------------------------------------------------------------------

[2025-03-31 13:10:37 #1 store] 
Database 'C:\Users\ainho\git\rides\Rides24v1\mydb.odb' is opened by 1532@LAPTOP-SGCE98M9

[2025-03-31 13:10:38 #2 type] 
Type domain.Driver is not enhanced.

[2025-03-31 13:10:38 #3 type] 
Type domain.Ride is not enhanced.

[2025-03-31 13:10:38 #4 type] 
Type domain.User is not enhanced.

[2025-03-31 13:10:38 #5 type] 
Type domain.Booking is not enhanced.

[2025-03-31 13:10:38 #6 store] 
Database 'C:\Users\ainho\git\rides\Rides24v1\src\main\resources\rides.temp' has been recovered (tr. 36-37)

[2025-03-31 13:10:38 #7 store] 
Database 'C:\Users\ainho\git\rides\Rides24v1\src\main\resources\rides.temp' is opened by 1532@LAPTOP-SGCE98M9

[2025-03-31 13:11:20 #8 store] 
Database 'C:\Users\ainho\git\rides\Rides24v1\src\main\resources\rides.temp' is closed by 1532@LAPTOP-SGCE98M9

------------------------------------------------------------------------------------------------------------------------

[2025-03-31 13:12:09 #1 store] 
Database 'C:\Users\ainho\git\rides\Rides24v1\mydb.odb' is opened by 10236@LAPTOP-SGCE98M9

[2025-03-31 13:12:09 #2 type] 
Type domain.Driver is not enhanced.

[2025-03-31 13:12:09 #3 type] 
Type domain.Ride is not enhanced.

[2025-03-31 13:12:09 #4 type] 
Type domain.User is not enhanced.

[2025-03-31 13:12:09 #5 type] 
Type domain.Booking is not enhanced.

[2025-03-31 13:12:10 #6 store] 
Database 'C:\Users\ainho\git\rides\Rides24v1\src\main\resources\rides.temp' is opened by 10236@LAPTOP-SGCE98M9

------------------------------------------------------------------------------------------------------------------------

[2025-03-31 13:14:19 #1 store] 
Database 'C:\Users\ainho\git\rides\Rides24v1\mydb.odb' is opened by 1792@LAPTOP-SGCE98M9

[2025-03-31 13:14:19 #2 type] 
Type domain.Driver is not enhanced.

[2025-03-31 13:14:19 #3 type] 
Type domain.Ride is not enhanced.

[2025-03-31 13:14:19 #4 type] 
Type domain.User is not enhanced.

[2025-03-31 13:14:19 #5 type] 
Type domain.Booking is not enhanced.

[2025-03-31 13:14:19 #6 store] 
Database 'C:\Users\ainho\git\rides\Rides24v1\src\main\resources\rides.temp' is opened by 1792@LAPTOP-SGCE98M9

------------------------------------------------------------------------------------------------------------------------

[2025-03-31 13:30:59 #1 store] 
Database 'C:\Users\ainho\git\rides\Rides24v1\mydb.odb' is opened by 16196@LAPTOP-SGCE98M9

[2025-03-31 13:30:59 #2 type] 
Type domain.Driver is not enhanced.

[2025-03-31 13:30:59 #3 type] 
Type domain.Ride is not enhanced.

[2025-03-31 13:30:59 #4 type] 
Type domain.User is not enhanced.

[2025-03-31 13:30:59 #5 type] 
Type domain.Booking is not enhanced.

[2025-03-31 13:30:59 #6 store] 
Database 'C:\Users\ainho\git\rides\Rides24v1\src\main\resources\rides.temp' has been recovered (tr. 39-39)

[2025-03-31 13:30:59 #7 store] 
Database 'C:\Users\ainho\git\rides\Rides24v1\src\main\resources\rides.temp' is opened by 16196@LAPTOP-SGCE98M9

------------------------------------------------------------------------------------------------------------------------

[2025-03-31 13:34:19 #1 store] 
Database 'C:\Users\ainho\git\rides\Rides24v1\mydb.odb' has been recovered (tr. 11-11)

[2025-03-31 13:34:19 #2 store] 
Database 'C:\Users\ainho\git\rides\Rides24v1\mydb.odb' is opened by 18904@LAPTOP-SGCE98M9

[2025-03-31 13:34:19 #3 type] 
Type domain.Driver is not enhanced.

[2025-03-31 13:34:19 #4 type] 
Type domain.Ride is not enhanced.

[2025-03-31 13:34:19 #5 type] 
Type domain.User is not enhanced.

[2025-03-31 13:34:19 #6 type] 
Type domain.Booking is not enhanced.

[2025-03-31 13:34:19 #7 store] 
Database 'C:\Users\ainho\git\rides\Rides24v1\src\main\resources\rides.temp' has been recovered (tr. 40-40)

[2025-03-31 13:34:19 #8 store] 
Database 'C:\Users\ainho\git\rides\Rides24v1\src\main\resources\rides.temp' is opened by 18904@LAPTOP-SGCE98M9

[2025-03-31 13:34:33 #9 type.registry] 
New type java.util.ArrayList<java.lang.Object>

[2025-03-31 13:34:33 #10 type.registry] 
New type java.util.ArrayList<domain.Ride>

[2025-03-31 13:34:33 #11 type.registry] 
New type com.objectdb.o.LMT

[2025-03-31 13:34:33 #12 type.registry] 
New type com.objectdb.o.VAL

[2025-03-31 13:34:33 #13 type.registry] 
New type com.objectdb.o.RFV

------------------------------------------------------------------------------------------------------------------------

[2025-03-31 13:41:34 #1 store] 
Database 'C:\Users\ainho\git\rides\Rides24v1\mydb.odb' has been recovered (tr. 12-12)

[2025-03-31 13:41:34 #2 store] 
Database 'C:\Users\ainho\git\rides\Rides24v1\mydb.odb' is opened by 21236@LAPTOP-SGCE98M9

[2025-03-31 13:41:35 #3 type] 
Type domain.Driver is not enhanced.

[2025-03-31 13:41:35 #4 type] 
Type domain.Ride is not enhanced.

[2025-03-31 13:41:35 #5 type] 
Type domain.User is not enhanced.

[2025-03-31 13:41:35 #6 type] 
Type domain.Booking is not enhanced.

[2025-03-31 13:41:35 #7 store] 
Database 'C:\Users\ainho\git\rides\Rides24v1\src\main\resources\rides.temp' has been recovered (tr. 41-45)

[2025-03-31 13:41:35 #8 store] 
Database 'C:\Users\ainho\git\rides\Rides24v1\src\main\resources\rides.temp' is opened by 21236@LAPTOP-SGCE98M9

------------------------------------------------------------------------------------------------------------------------

[2025-03-31 13:55:22 #1 store] 
Database 'C:\Users\ainho\git\rides\Rides24v1\mydb.odb' is opened by 20696@LAPTOP-SGCE98M9

[2025-03-31 13:55:22 #2 type] 
Type domain.Driver is not enhanced.

[2025-03-31 13:55:22 #3 type] 
Type domain.Ride is not enhanced.

[2025-03-31 13:55:22 #4 type] 
Type domain.User is not enhanced.

[2025-03-31 13:55:22 #5 type] 
Type domain.Booking is not enhanced.

[2025-03-31 13:55:23 #6 store] 
Database 'C:\Users\ainho\git\rides\Rides24v1\src\main\resources\rides.temp' has been recovered (tr. 46-46)

[2025-03-31 13:55:23 #7 store] 
Database 'C:\Users\ainho\git\rides\Rides24v1\src\main\resources\rides.temp' is opened by 20696@LAPTOP-SGCE98M9

------------------------------------------------------------------------------------------------------------------------

[2025-03-31 14:19:35 #1 store] 
Database 'C:\Users\ainho\git\rides\Rides24v1\mydb.odb' is opened by 18800@LAPTOP-SGCE98M9

[2025-03-31 14:19:35 #2 type] 
Type domain.Driver is not enhanced.

[2025-03-31 14:19:35 #3 type] 
Type domain.Ride is not enhanced.

[2025-03-31 14:19:35 #4 type] 
Type domain.User is not enhanced.

[2025-03-31 14:19:35 #5 type] 
Type domain.Booking is not enhanced.

[2025-03-31 14:19:35 #6 store] 
Database 'C:\Users\ainho\git\rides\Rides24v1\src\main\resources\rides.temp' has been recovered (tr. 47-47)

[2025-03-31 14:19:35 #7 store] 
Database 'C:\Users\ainho\git\rides\Rides24v1\src\main\resources\rides.temp' is opened by 18800@LAPTOP-SGCE98M9

------------------------------------------------------------------------------------------------------------------------

[2025-03-31 14:28:39 #1 store] 
Database 'C:\Users\ainho\git\rides\Rides24v1\mydb.odb' is opened by 18512@LAPTOP-SGCE98M9

[2025-03-31 14:28:40 #2 type] 
Type domain.Driver is not enhanced.

[2025-03-31 14:28:40 #3 type] 
Type domain.Ride is not enhanced.

[2025-03-31 14:28:40 #4 type] 
Type domain.User is not enhanced.

[2025-03-31 14:28:40 #5 type] 
Type domain.Booking is not enhanced.

[2025-03-31 14:28:40 #6 store] 
Database 'C:\Users\ainho\git\rides\Rides24v1\src\main\resources\rides.temp' is opened by 18512@LAPTOP-SGCE98M9

------------------------------------------------------------------------------------------------------------------------

[2025-03-31 16:28:41 #1 store] 
Database 'C:\Users\ainho\git\rides\Rides24v1\mydb.odb' is opened by 5556@LAPTOP-SGCE98M9

[2025-03-31 16:28:42 #2 type] 
Type domain.Driver is not enhanced.

[2025-03-31 16:28:42 #3 type] 
Type domain.Ride is not enhanced.

[2025-03-31 16:28:42 #4 type] 
Type domain.User is not enhanced.

[2025-03-31 16:28:42 #5 type] 
Type domain.Booking is not enhanced.

[2025-03-31 16:28:42 #6 store] 
Database 'C:\Users\ainho\git\rides\Rides24v1\src\main\resources\rides.temp' is opened by 5556@LAPTOP-SGCE98M9

------------------------------------------------------------------------------------------------------------------------

[2025-03-31 16:29:25 #1 store] 
Database 'C:\Users\ainho\git\rides\Rides24v1\mydb.odb' is opened by 1920@LAPTOP-SGCE98M9

[2025-03-31 16:29:25 #2 type] 
Type domain.Driver is not enhanced.

[2025-03-31 16:29:25 #3 type] 
Type domain.Ride is not enhanced.

[2025-03-31 16:29:25 #4 type] 
Type domain.User is not enhanced.

[2025-03-31 16:29:25 #5 type] 
Type domain.Booking is not enhanced.

[2025-03-31 16:29:25 #6 store] 
Database 'C:\Users\ainho\git\rides\Rides24v1\src\main\resources\rides.temp' is opened by 1920@LAPTOP-SGCE98M9

------------------------------------------------------------------------------------------------------------------------

[2025-03-31 17:05:05 #1 store] 
Database 'C:\Users\ainho\git\rides\Rides24v1\mydb.odb' is opened by 14052@LAPTOP-SGCE98M9

[2025-03-31 17:05:05 #2 type] 
Type domain.Driver is not enhanced.

[2025-03-31 17:05:05 #3 type] 
Type domain.Ride is not enhanced.

[2025-03-31 17:05:05 #4 type] 
Type domain.User is not enhanced.

[2025-03-31 17:05:05 #5 type] 
Type domain.Booking is not enhanced.

[2025-03-31 17:05:05 #6 store] 
Database 'C:\Users\ainho\git\rides\Rides24v1\src\main\resources\rides.temp' is opened by 14052@LAPTOP-SGCE98M9

------------------------------------------------------------------------------------------------------------------------

[2025-03-31 17:08:11 #1 store] 
Database 'C:\Users\ainho\git\rides\Rides24v1\mydb.odb' is opened by 15780@LAPTOP-SGCE98M9

[2025-03-31 17:08:11 #2 type] 
Type domain.Driver is not enhanced.

[2025-03-31 17:08:11 #3 type] 
Type domain.Ride is not enhanced.

[2025-03-31 17:08:11 #4 type] 
Type domain.User is not enhanced.

[2025-03-31 17:08:11 #5 type] 
Type domain.Booking is not enhanced.

[2025-03-31 17:08:11 #6 store] 
Database 'C:\Users\ainho\git\rides\Rides24v1\src\main\resources\rides.temp' has been recovered (tr. 48-49)

[2025-03-31 17:08:11 #7 store] 
Database 'C:\Users\ainho\git\rides\Rides24v1\src\main\resources\rides.temp' is opened by 15780@LAPTOP-SGCE98M9

------------------------------------------------------------------------------------------------------------------------

[2025-03-31 17:39:22 #1 store] 
Database 'C:\Users\ainho\git\rides\Rides24v1\mydb.odb' is opened by 17260@LAPTOP-SGCE98M9

[2025-03-31 17:39:22 #2 type] 
Type domain.Driver is not enhanced.

[2025-03-31 17:39:22 #3 type] 
Type domain.Ride is not enhanced.

[2025-03-31 17:39:22 #4 type] 
Type domain.User is not enhanced.

[2025-03-31 17:39:22 #5 type] 
Type domain.Booking is not enhanced.

[2025-03-31 17:39:22 #6 store] 
Database 'C:\Users\ainho\git\rides\Rides24v1\src\main\resources\rides.temp' is opened by 17260@LAPTOP-SGCE98M9

------------------------------------------------------------------------------------------------------------------------

[2025-03-31 17:43:56 #1 store] 
Database 'C:\Users\ainho\git\rides\Rides24v1\mydb.odb' is opened by 10676@LAPTOP-SGCE98M9

[2025-03-31 17:43:56 #2 type] 
Type domain.Driver is not enhanced.

[2025-03-31 17:43:56 #3 type] 
Type domain.Ride is not enhanced.

[2025-03-31 17:43:56 #4 type] 
Type domain.User is not enhanced.

[2025-03-31 17:43:56 #5 type] 
Type domain.Booking is not enhanced.

[2025-03-31 17:43:56 #6 store] 
Database 'C:\Users\ainho\git\rides\Rides24v1\src\main\resources\rides.temp' is opened by 10676@LAPTOP-SGCE98M9

------------------------------------------------------------------------------------------------------------------------

[2025-03-31 17:45:20 #1 store] 
Database 'C:\Users\ainho\git\rides\Rides24v1\mydb.odb' is opened by 18340@LAPTOP-SGCE98M9

[2025-03-31 17:45:20 #2 type] 
Type domain.Driver is not enhanced.

[2025-03-31 17:45:20 #3 type] 
Type domain.Ride is not enhanced.

[2025-03-31 17:45:20 #4 type] 
Type domain.User is not enhanced.

[2025-03-31 17:45:20 #5 type] 
Type domain.Booking is not enhanced.

[2025-03-31 17:45:20 #6 store] 
Database 'C:\Users\ainho\git\rides\Rides24v1\src\main\resources\rides.temp' is opened by 18340@LAPTOP-SGCE98M9

------------------------------------------------------------------------------------------------------------------------

[2025-03-31 18:09:02 #1 store] 
Database 'C:\Users\ainho\git\rides\Rides24v1\mydb.odb' is opened by 22372@LAPTOP-SGCE98M9

[2025-03-31 18:09:02 #2 type] 
Type domain.Driver is not enhanced.

[2025-03-31 18:09:02 #3 type] 
Type domain.Ride is not enhanced.

[2025-03-31 18:09:02 #4 type] 
Type domain.User is not enhanced.

[2025-03-31 18:09:02 #5 type] 
Type domain.Booking is not enhanced.

[2025-03-31 18:09:02 #6 store] 
Database 'C:\Users\ainho\git\rides\Rides24v1\src\main\resources\rides.temp' is opened by 22372@LAPTOP-SGCE98M9

------------------------------------------------------------------------------------------------------------------------

[2025-03-31 18:11:39 #1 store] 
Database 'C:\Users\ainho\git\rides\Rides24v1\mydb.odb' is opened by 15528@LAPTOP-SGCE98M9

[2025-03-31 18:11:39 #2 type] 
Type domain.Driver is not enhanced.

[2025-03-31 18:11:39 #3 type] 
Type domain.Ride is not enhanced.

[2025-03-31 18:11:39 #4 type] 
Type domain.User is not enhanced.

[2025-03-31 18:11:39 #5 type] 
Type domain.Booking is not enhanced.

[2025-03-31 18:11:39 #6 store] 
Database 'C:\Users\ainho\git\rides\Rides24v1\src\main\resources\rides.temp' is opened by 15528@LAPTOP-SGCE98M9

------------------------------------------------------------------------------------------------------------------------

[2025-03-31 20:02:56 #1 store] 
Database 'C:\Users\ainho\git\rides\Rides24v1\mydb.odb' is opened by 9100@LAPTOP-SGCE98M9

[2025-03-31 20:02:56 #2 type] 
Type domain.Driver is not enhanced.

[2025-03-31 20:02:56 #3 type] 
Type domain.Ride is not enhanced.

[2025-03-31 20:02:56 #4 type] 
Type domain.User is not enhanced.

[2025-03-31 20:02:56 #5 type] 
Type domain.Booking is not enhanced.

[2025-03-31 20:02:56 #6 store] 
Database 'C:\Users\ainho\git\rides\Rides24v1\src\main\resources\rides.temp' is opened by 9100@LAPTOP-SGCE98M9

------------------------------------------------------------------------------------------------------------------------

[2025-03-31 20:05:50 #1 store] 
Database 'C:\Users\ainho\git\rides\Rides24v1\mydb.odb' has been recovered (tr. 13-13)

[2025-03-31 20:05:50 #2 store] 
Database 'C:\Users\ainho\git\rides\Rides24v1\mydb.odb' is opened by 11472@LAPTOP-SGCE98M9

[2025-03-31 20:05:50 #3 type] 
Type domain.Driver is not enhanced.

[2025-03-31 20:05:50 #4 type] 
Type domain.Ride is not enhanced.

[2025-03-31 20:05:50 #5 type] 
Type domain.User is not enhanced.

[2025-03-31 20:05:50 #6 type] 
Type domain.Booking is not enhanced.

[2025-03-31 20:05:50 #7 store] 
Database 'C:\Users\ainho\git\rides\Rides24v1\src\main\resources\rides.temp' has been recovered (tr. 60-64)

[2025-03-31 20:05:50 #8 store] 
Database 'C:\Users\ainho\git\rides\Rides24v1\src\main\resources\rides.temp' is opened by 11472@LAPTOP-SGCE98M9

------------------------------------------------------------------------------------------------------------------------

[2025-03-31 20:06:06 #1 store] 
Database 'C:\Users\ainho\git\rides\Rides24v1\mydb.odb' is opened by 19156@LAPTOP-SGCE98M9

[2025-03-31 20:06:06 #2 type] 
Type domain.Driver is not enhanced.

[2025-03-31 20:06:06 #3 type] 
Type domain.Ride is not enhanced.

[2025-03-31 20:06:06 #4 type] 
Type domain.User is not enhanced.

[2025-03-31 20:06:06 #5 type] 
Type domain.Booking is not enhanced.

[2025-03-31 20:06:06 #6 store] 
Database 'C:\Users\ainho\git\rides\Rides24v1\src\main\resources\rides.temp' is opened by 19156@LAPTOP-SGCE98M9

------------------------------------------------------------------------------------------------------------------------

[2025-03-31 20:10:20 #1 store] 
Database 'C:\Users\ainho\git\rides\Rides24v1\mydb.odb' is opened by 7336@LAPTOP-SGCE98M9

[2025-03-31 20:10:20 #2 type] 
Type domain.Driver is not enhanced.

[2025-03-31 20:10:21 #3 type] 
Type domain.Ride is not enhanced.

[2025-03-31 20:10:21 #4 type] 
Type domain.User is not enhanced.

[2025-03-31 20:10:21 #5 type] 
Type domain.Booking is not enhanced.

[2025-03-31 20:10:21 #6 store] 
Database 'C:\Users\ainho\git\rides\Rides24v1\src\main\resources\rides.temp' has been recovered (tr. 65-68)

[2025-03-31 20:10:21 #7 store] 
Database 'C:\Users\ainho\git\rides\Rides24v1\src\main\resources\rides.temp' is opened by 7336@LAPTOP-SGCE98M9

