------------------------------------------------------------------------------------------------------------------------

[2025-03-06 13:07:20 #1 store] 
Database 'C:\Users\ainho\OneDrive\Documentos\1.Uni\24-25\2-IS1\java\Rides24\src\main\resources\rides.temp' is opened by 3840@LAPTOP-SGCE98M9

[2025-03-06 13:07:20 #2 type.registry] 
New type domain.Driver

[2025-03-06 13:07:20 #3 type] 
Type domain.Driver is not enhanced.

[2025-03-06 13:07:20 #4 type.registry] 
New type domain.Ride

[2025-03-06 13:07:20 #5 type] 
Type domain.Ride is not enhanced.

[2025-03-06 13:07:20 #6 type.registry] 
New type domain.User

[2025-03-06 13:07:20 #7 type] 
Type domain.User is not enhanced.

[2025-03-06 13:07:20 #8 type.registry] 
New type domain.Booking

[2025-03-06 13:07:20 #9 type] 
Type domain.Booking is not enhanced.

[2025-03-06 13:07:20 #10 type.registry] 
New type java.util.Vector<java.lang.Object>

[2025-03-06 13:07:20 #11 type.registry] 
New type java.util.Vector<domain.Ride>

------------------------------------------------------------------------------------------------------------------------

[2025-03-06 13:09:56 #1 store] 
Database 'C:\Users\ainho\OneDrive\Documentos\1.Uni\24-25\2-IS1\java\Rides24\src\main\resources\rides.temp' is opened by 14024@LAPTOP-SGCE98M9

[2025-03-06 13:09:56 #2 type.registry] 
New type domain.Driver

[2025-03-06 13:09:56 #3 type] 
Type domain.Driver is not enhanced.

[2025-03-06 13:09:56 #4 type.registry] 
New type domain.Ride

[2025-03-06 13:09:56 #5 type] 
Type domain.Ride is not enhanced.

[2025-03-06 13:09:56 #6 type.registry] 
New type domain.User

[2025-03-06 13:09:56 #7 type] 
Type domain.User is not enhanced.

[2025-03-06 13:09:56 #8 type.registry] 
New type domain.Booking

[2025-03-06 13:09:56 #9 type] 
Type domain.Booking is not enhanced.

[2025-03-06 13:09:56 #10 type.registry] 
New type java.util.Vector<java.lang.Object>

[2025-03-06 13:09:56 #11 type.registry] 
New type java.util.Vector<domain.Ride>

------------------------------------------------------------------------------------------------------------------------

[2025-03-06 13:17:11 #1 store] 
Database 'C:\Users\ainho\OneDrive\Documentos\1.Uni\24-25\2-IS1\java\Rides24\src\main\resources\rides.temp' is opened by 13756@LAPTOP-SGCE98M9

[2025-03-06 13:17:11 #2 type.registry] 
New type domain.Driver

[2025-03-06 13:17:11 #3 type] 
Type domain.Driver is not enhanced.

[2025-03-06 13:17:11 #4 type.registry] 
New type domain.Ride

[2025-03-06 13:17:11 #5 type] 
Type domain.Ride is not enhanced.

[2025-03-06 13:17:11 #6 type.registry] 
New type domain.User

[2025-03-06 13:17:11 #7 type] 
Type domain.User is not enhanced.

[2025-03-06 13:17:11 #8 type.registry] 
New type domain.Booking

[2025-03-06 13:17:11 #9 type] 
Type domain.Booking is not enhanced.

[2025-03-06 13:17:11 #10 type.registry] 
New type java.util.Vector<java.lang.Object>

[2025-03-06 13:17:11 #11 type.registry] 
New type java.util.Vector<domain.Ride>

------------------------------------------------------------------------------------------------------------------------

[2025-03-06 14:17:48 #1 store] 
Database 'C:\Users\ainho\OneDrive\Documentos\1.Uni\24-25\2-IS1\java\Rides24\src\main\resources\rides.temp' is opened by 19880@LAPTOP-SGCE98M9

[2025-03-06 14:17:48 #2 type.registry] 
New type domain.Driver

[2025-03-06 14:17:48 #3 type] 
Type domain.Driver is not enhanced.

[2025-03-06 14:17:48 #4 type.registry] 
New type domain.Ride

[2025-03-06 14:17:48 #5 type] 
Type domain.Ride is not enhanced.

[2025-03-06 14:17:48 #6 type.registry] 
New type domain.User

[2025-03-06 14:17:48 #7 type] 
Type domain.User is not enhanced.

[2025-03-06 14:17:48 #8 type.registry] 
New type domain.Booking

[2025-03-06 14:17:48 #9 type] 
Type domain.Booking is not enhanced.

[2025-03-06 14:17:48 #10 type.registry] 
New type java.util.Vector<java.lang.Object>

[2025-03-06 14:17:48 #11 type.registry] 
New type java.util.Vector<domain.Ride>

------------------------------------------------------------------------------------------------------------------------

[2025-03-06 14:19:37 #1 store] 
Database 'C:\Users\ainho\OneDrive\Documentos\1.Uni\24-25\2-IS1\java\Rides24\src\main\resources\rides.temp' is opened by 3584@LAPTOP-SGCE98M9

[2025-03-06 14:19:37 #2 type.registry] 
New type domain.Driver

[2025-03-06 14:19:37 #3 type] 
Type domain.Driver is not enhanced.

[2025-03-06 14:19:37 #4 type.registry] 
New type domain.Ride

[2025-03-06 14:19:37 #5 type] 
Type domain.Ride is not enhanced.

[2025-03-06 14:19:37 #6 type.registry] 
New type domain.User

[2025-03-06 14:19:37 #7 type] 
Type domain.User is not enhanced.

[2025-03-06 14:19:37 #8 type.registry] 
New type domain.Booking

[2025-03-06 14:19:37 #9 type] 
Type domain.Booking is not enhanced.

[2025-03-06 14:19:37 #10 type.registry] 
New type java.util.Vector<java.lang.Object>

[2025-03-06 14:19:37 #11 type.registry] 
New type java.util.Vector<domain.Ride>

------------------------------------------------------------------------------------------------------------------------

[2025-03-06 14:21:33 #1 store] 
Database 'C:\Users\ainho\OneDrive\Documentos\1.Uni\24-25\2-IS1\java\Rides24\src\main\resources\rides.temp' is opened by 6840@LAPTOP-SGCE98M9

[2025-03-06 14:21:33 #2 type.registry] 
New type domain.Driver

[2025-03-06 14:21:33 #3 type] 
Type domain.Driver is not enhanced.

[2025-03-06 14:21:33 #4 type.registry] 
New type domain.Ride

[2025-03-06 14:21:33 #5 type] 
Type domain.Ride is not enhanced.

[2025-03-06 14:21:33 #6 type.registry] 
New type domain.User

[2025-03-06 14:21:33 #7 type] 
Type domain.User is not enhanced.

[2025-03-06 14:21:33 #8 type.registry] 
New type domain.Booking

[2025-03-06 14:21:33 #9 type] 
Type domain.Booking is not enhanced.

[2025-03-06 14:21:33 #10 type.registry] 
New type java.util.Vector<java.lang.Object>

[2025-03-06 14:21:33 #11 type.registry] 
New type java.util.Vector<domain.Ride>

------------------------------------------------------------------------------------------------------------------------

[2025-03-06 14:23:56 #1 store] 
Database 'C:\Users\ainho\OneDrive\Documentos\1.Uni\24-25\2-IS1\java\Rides24\src\main\resources\rides.temp' is opened by 14912@LAPTOP-SGCE98M9

[2025-03-06 14:23:56 #2 type.registry] 
New type domain.Driver

[2025-03-06 14:23:56 #3 type] 
Type domain.Driver is not enhanced.

[2025-03-06 14:23:56 #4 type.registry] 
New type domain.Ride

[2025-03-06 14:23:56 #5 type] 
Type domain.Ride is not enhanced.

[2025-03-06 14:23:56 #6 type.registry] 
New type domain.User

[2025-03-06 14:23:56 #7 type] 
Type domain.User is not enhanced.

[2025-03-06 14:23:56 #8 type.registry] 
New type domain.Booking

[2025-03-06 14:23:56 #9 type] 
Type domain.Booking is not enhanced.

[2025-03-06 14:23:56 #10 type.registry] 
New type java.util.Vector<java.lang.Object>

[2025-03-06 14:23:56 #11 type.registry] 
New type java.util.Vector<domain.Ride>

------------------------------------------------------------------------------------------------------------------------

[2025-03-06 14:28:28 #1 store] 
Database 'C:\Users\ainho\OneDrive\Documentos\1.Uni\24-25\2-IS1\java\Rides24\src\main\resources\rides.temp' is opened by 10848@LAPTOP-SGCE98M9

[2025-03-06 14:28:28 #2 type.registry] 
New type domain.Driver

[2025-03-06 14:28:28 #3 type] 
Type domain.Driver is not enhanced.

[2025-03-06 14:28:28 #4 type.registry] 
New type domain.Ride

[2025-03-06 14:28:28 #5 type] 
Type domain.Ride is not enhanced.

[2025-03-06 14:28:28 #6 type.registry] 
New type domain.User

[2025-03-06 14:28:28 #7 type] 
Type domain.User is not enhanced.

[2025-03-06 14:28:28 #8 type.registry] 
New type domain.Booking

[2025-03-06 14:28:28 #9 type] 
Type domain.Booking is not enhanced.

[2025-03-06 14:28:28 #10 type.registry] 
New type java.util.Vector<java.lang.Object>

[2025-03-06 14:28:28 #11 type.registry] 
New type java.util.Vector<domain.Ride>

------------------------------------------------------------------------------------------------------------------------

[2025-03-06 15:18:19 #1 store] 
Database 'C:\Users\ainho\OneDrive\Documentos\1.Uni\24-25\2-IS1\java\Rides24\mydb.odb' is opened by 11792@LAPTOP-SGCE98M9

[2025-03-06 15:18:19 #2 store] 
Database 'C:\Users\ainho\OneDrive\Documentos\1.Uni\24-25\2-IS1\java\Rides24\src\main\resources\rides.temp' is opened by 11792@LAPTOP-SGCE98M9

[2025-03-06 15:18:19 #3 type.registry] 
New type domain.Driver

[2025-03-06 15:18:19 #4 type] 
Type domain.Driver is not enhanced.

[2025-03-06 15:18:19 #5 type.registry] 
New type domain.Ride

[2025-03-06 15:18:19 #6 type] 
Type domain.Ride is not enhanced.

[2025-03-06 15:18:19 #7 type.registry] 
New type domain.User

[2025-03-06 15:18:19 #8 type] 
Type domain.User is not enhanced.

[2025-03-06 15:18:19 #9 type.registry] 
New type domain.Booking

[2025-03-06 15:18:19 #10 type] 
Type domain.Booking is not enhanced.

[2025-03-06 15:18:19 #11 type.registry] 
New type java.util.Vector<java.lang.Object>

[2025-03-06 15:18:19 #12 type.registry] 
New type java.util.Vector<domain.Ride>

------------------------------------------------------------------------------------------------------------------------

[2025-03-06 15:23:28 #1 store] 
Database 'C:\Users\ainho\OneDrive\Documentos\1.Uni\24-25\2-IS1\java\Rides24\mydb.odb' has been recovered (tr. 1-2)

[2025-03-06 15:23:28 #2 store] 
Database 'C:\Users\ainho\OneDrive\Documentos\1.Uni\24-25\2-IS1\java\Rides24\mydb.odb' is opened by 9608@LAPTOP-SGCE98M9

[2025-03-06 15:23:28 #3 store] 
Database 'C:\Users\ainho\OneDrive\Documentos\1.Uni\24-25\2-IS1\java\Rides24\src\main\resources\rides.temp' is opened by 9608@LAPTOP-SGCE98M9

[2025-03-06 15:23:28 #4 type.registry] 
New type domain.Driver

[2025-03-06 15:23:28 #5 type] 
Type domain.Driver is not enhanced.

[2025-03-06 15:23:28 #6 type.registry] 
New type domain.Ride

[2025-03-06 15:23:28 #7 type] 
Type domain.Ride is not enhanced.

[2025-03-06 15:23:28 #8 type.registry] 
New type domain.User

[2025-03-06 15:23:28 #9 type] 
Type domain.User is not enhanced.

[2025-03-06 15:23:28 #10 type.registry] 
New type domain.Booking

[2025-03-06 15:23:28 #11 type] 
Type domain.Booking is not enhanced.

[2025-03-06 15:23:28 #12 type.registry] 
New type java.util.Vector<java.lang.Object>

[2025-03-06 15:23:28 #13 type.registry] 
New type java.util.Vector<domain.Ride>

------------------------------------------------------------------------------------------------------------------------

[2025-03-06 15:29:03 #1 store] 
Database 'C:\Users\ainho\OneDrive\Documentos\1.Uni\24-25\2-IS1\java\Rides24\mydb.odb' is opened by 18796@LAPTOP-SGCE98M9

[2025-03-06 15:29:03 #2 store] 
Database 'C:\Users\ainho\OneDrive\Documentos\1.Uni\24-25\2-IS1\java\Rides24\src\main\resources\rides.temp' is opened by 18796@LAPTOP-SGCE98M9

[2025-03-06 15:29:03 #3 type.registry] 
New type domain.Driver

[2025-03-06 15:29:03 #4 type] 
Type domain.Driver is not enhanced.

[2025-03-06 15:29:03 #5 type.registry] 
New type domain.Ride

[2025-03-06 15:29:03 #6 type] 
Type domain.Ride is not enhanced.

[2025-03-06 15:29:03 #7 type.registry] 
New type domain.User

[2025-03-06 15:29:03 #8 type] 
Type domain.User is not enhanced.

[2025-03-06 15:29:03 #9 type.registry] 
New type domain.Booking

[2025-03-06 15:29:03 #10 type] 
Type domain.Booking is not enhanced.

[2025-03-06 15:29:03 #11 type.registry] 
New type java.util.Vector<java.lang.Object>

[2025-03-06 15:29:03 #12 type.registry] 
New type java.util.Vector<domain.Ride>

------------------------------------------------------------------------------------------------------------------------

[2025-03-06 15:37:21 #1 store] 
Database 'C:\Users\ainho\OneDrive\Documentos\1.Uni\24-25\2-IS1\java\Rides24\mydb.odb' is opened by 15088@LAPTOP-SGCE98M9

------------------------------------------------------------------------------------------------------------------------

[2025-03-06 15:37:29 #1 store] 
Database 'C:\Users\ainho\OneDrive\Documentos\1.Uni\24-25\2-IS1\java\Rides24\mydb.odb' is opened by 14136@LAPTOP-SGCE98M9

------------------------------------------------------------------------------------------------------------------------

[2025-03-06 15:38:32 #1 store] 
Database 'C:\Users\ainho\OneDrive\Documentos\1.Uni\24-25\2-IS1\java\Rides24\mydb.odb' is opened by 152@LAPTOP-SGCE98M9

------------------------------------------------------------------------------------------------------------------------

[2025-03-06 15:39:21 #1 store] 
Database 'C:\Users\ainho\OneDrive\Documentos\1.Uni\24-25\2-IS1\java\Rides24\mydb.odb' is opened by 13648@LAPTOP-SGCE98M9

[2025-03-06 15:39:21 #2 store] 
Database 'C:\Users\ainho\OneDrive\Documentos\1.Uni\24-25\2-IS1\java\Rides24\src\main\resources\rides.temp' is opened by 13648@LAPTOP-SGCE98M9

[2025-03-06 15:39:21 #3 type.registry] 
New type domain.Driver

[2025-03-06 15:39:21 #4 type] 
Type domain.Driver is not enhanced.

[2025-03-06 15:39:21 #5 type.registry] 
New type domain.Ride

[2025-03-06 15:39:21 #6 type] 
Type domain.Ride is not enhanced.

[2025-03-06 15:39:21 #7 type.registry] 
New type domain.User

[2025-03-06 15:39:21 #8 type] 
Type domain.User is not enhanced.

[2025-03-06 15:39:21 #9 type.registry] 
New type domain.Booking

[2025-03-06 15:39:21 #10 type] 
Type domain.Booking is not enhanced.

[2025-03-06 15:39:21 #11 type.registry] 
New type java.util.Vector<java.lang.Object>

[2025-03-06 15:39:21 #12 type.registry] 
New type java.util.Vector<domain.Ride>

------------------------------------------------------------------------------------------------------------------------

[2025-03-06 16:05:23 #1 store] 
Database 'C:\Users\ainho\OneDrive\Documentos\1.Uni\24-25\2-IS1\java\Rides24\mydb.odb' is opened by 22336@LAPTOP-SGCE98M9

[2025-03-06 16:05:23 #2 store] 
Database 'C:\Users\ainho\OneDrive\Documentos\1.Uni\24-25\2-IS1\java\Rides24\src\main\resources\rides.temp' is opened by 22336@LAPTOP-SGCE98M9

[2025-03-06 16:05:23 #3 type.registry] 
New type domain.Driver

[2025-03-06 16:05:23 #4 type] 
Type domain.Driver is not enhanced.

[2025-03-06 16:05:23 #5 type.registry] 
New type domain.Ride

[2025-03-06 16:05:23 #6 type] 
Type domain.Ride is not enhanced.

[2025-03-06 16:05:23 #7 type.registry] 
New type domain.User

[2025-03-06 16:05:23 #8 type] 
Type domain.User is not enhanced.

[2025-03-06 16:05:23 #9 type.registry] 
New type domain.Booking

[2025-03-06 16:05:23 #10 type] 
Type domain.Booking is not enhanced.

[2025-03-06 16:05:23 #11 type.registry] 
New type java.util.Vector<java.lang.Object>

[2025-03-06 16:05:23 #12 type.registry] 
New type java.util.Vector<domain.Ride>

------------------------------------------------------------------------------------------------------------------------

[2025-03-06 16:12:58 #1 store] 
Database 'C:\Users\ainho\OneDrive\Documentos\1.Uni\24-25\2-IS1\java\Rides24\mydb.odb' is opened by 14064@LAPTOP-SGCE98M9

[2025-03-06 16:12:58 #2 type.registry] 
New type domain.Driver

[2025-03-06 16:12:58 #3 type] 
Type domain.Driver is not enhanced.

[2025-03-06 16:12:58 #4 type.registry] 
New type domain.Ride

[2025-03-06 16:12:58 #5 type] 
Type domain.Ride is not enhanced.

[2025-03-06 16:12:58 #6 type.registry] 
New type domain.User

[2025-03-06 16:12:58 #7 type] 
Type domain.User is not enhanced.

[2025-03-06 16:12:58 #8 type.registry] 
New type domain.Booking

[2025-03-06 16:12:58 #9 type] 
Type domain.Booking is not enhanced.

[2025-03-06 16:12:58 #10 type.registry] 
New type java.util.Vector<java.lang.Object>

[2025-03-06 16:12:58 #11 type.registry] 
New type java.util.Vector<domain.Ride>

------------------------------------------------------------------------------------------------------------------------

[2025-03-06 16:15:29 #1 store] 
Database 'C:\Users\ainho\OneDrive\Documentos\1.Uni\24-25\2-IS1\java\Rides24\mydb.odb' has been recovered (tr. 3-9)

[2025-03-06 16:15:29 #2 store] 
Database 'C:\Users\ainho\OneDrive\Documentos\1.Uni\24-25\2-IS1\java\Rides24\mydb.odb' is opened by 22480@LAPTOP-SGCE98M9

[2025-03-06 16:15:29 #3 type] 
Type domain.Driver is not enhanced.

[2025-03-06 16:15:29 #4 type] 
Type domain.Ride is not enhanced.

[2025-03-06 16:15:29 #5 type] 
Type domain.User is not enhanced.

[2025-03-06 16:15:29 #6 type] 
Type domain.Booking is not enhanced.

[2025-03-06 16:15:29 #7 store] 
Database 'C:\Users\ainho\OneDrive\Documentos\1.Uni\24-25\2-IS1\java\Rides24\src\main\resources\rides.temp' is opened by 22480@LAPTOP-SGCE98M9

[2025-03-06 16:15:29 #8 type.registry] 
New type domain.Driver

[2025-03-06 16:15:29 #9 type.registry] 
New type domain.Ride

[2025-03-06 16:15:29 #10 type.registry] 
New type domain.User

[2025-03-06 16:15:29 #11 type.registry] 
New type domain.Booking

[2025-03-06 16:15:29 #12 type.registry] 
New type java.util.Vector<java.lang.Object>

[2025-03-06 16:15:29 #13 type.registry] 
New type java.util.Vector<domain.Ride>

------------------------------------------------------------------------------------------------------------------------

[2025-03-06 18:04:29 #1 store] 
Database 'C:\Users\ainho\OneDrive\Documentos\1.Uni\24-25\2-IS1\java\Rides24\mydb.odb' is opened by 19868@LAPTOP-SGCE98M9

[2025-03-06 18:04:30 #2 type] 
Type domain.Driver is not enhanced.

[2025-03-06 18:04:30 #3 type] 
Type domain.Ride is not enhanced.

[2025-03-06 18:04:30 #4 type] 
Type domain.User is not enhanced.

[2025-03-06 18:04:30 #5 type] 
Type domain.Booking is not enhanced.

[2025-03-06 18:04:30 #6 store] 
Database 'C:\Users\ainho\OneDrive\Documentos\1.Uni\24-25\2-IS1\java\Rides24\src\main\resources\rides.temp' is opened by 19868@LAPTOP-SGCE98M9

[2025-03-06 18:04:30 #7 type.registry] 
New type domain.Driver

[2025-03-06 18:04:30 #8 type.registry] 
New type domain.Ride

[2025-03-06 18:04:30 #9 type.registry] 
New type domain.User

[2025-03-06 18:04:30 #10 type.registry] 
New type domain.Booking

[2025-03-06 18:04:30 #11 type.registry] 
New type java.util.Vector<java.lang.Object>

[2025-03-06 18:04:30 #12 type.registry] 
New type java.util.Vector<domain.Ride>

------------------------------------------------------------------------------------------------------------------------

[2025-03-06 18:14:03 #1 store] 
Database 'C:\Users\ainho\OneDrive\Documentos\1.Uni\24-25\2-IS1\java\Rides24\mydb.odb' is opened by 16664@LAPTOP-SGCE98M9

[2025-03-06 18:14:03 #2 type] 
Type domain.Driver is not enhanced.

[2025-03-06 18:14:03 #3 type] 
Type domain.Ride is not enhanced.

[2025-03-06 18:14:03 #4 type] 
Type domain.User is not enhanced.

[2025-03-06 18:14:03 #5 type] 
Type domain.Booking is not enhanced.

[2025-03-06 18:14:03 #6 store] 
Database 'C:\Users\ainho\OneDrive\Documentos\1.Uni\24-25\2-IS1\java\Rides24\src\main\resources\rides.temp' is opened by 16664@LAPTOP-SGCE98M9

[2025-03-06 18:14:03 #7 type.registry] 
New type domain.Driver

[2025-03-06 18:14:03 #8 type.registry] 
New type domain.Ride

[2025-03-06 18:14:03 #9 type.registry] 
New type domain.User

[2025-03-06 18:14:03 #10 type.registry] 
New type domain.Booking

[2025-03-06 18:14:03 #11 type.registry] 
New type java.util.Vector<java.lang.Object>

[2025-03-06 18:14:03 #12 type.registry] 
New type java.util.Vector<domain.Ride>

------------------------------------------------------------------------------------------------------------------------

[2025-03-06 18:28:06 #1 store] 
Database 'C:\Users\ainho\OneDrive\Documentos\1.Uni\24-25\2-IS1\java\Rides24\mydb.odb' is opened by 13444@LAPTOP-SGCE98M9

[2025-03-06 18:28:06 #2 type] 
Type domain.Driver is not enhanced.

[2025-03-06 18:28:06 #3 type] 
Type domain.Ride is not enhanced.

[2025-03-06 18:28:06 #4 type] 
Type domain.User is not enhanced.

[2025-03-06 18:28:06 #5 type] 
Type domain.Booking is not enhanced.

[2025-03-06 18:28:06 #6 store] 
Database 'C:\Users\ainho\OneDrive\Documentos\1.Uni\24-25\2-IS1\java\Rides24\src\main\resources\rides.temp' is opened by 13444@LAPTOP-SGCE98M9

[2025-03-06 18:28:06 #7 type.registry] 
New type domain.Driver

[2025-03-06 18:28:06 #8 type.registry] 
New type domain.Ride

[2025-03-06 18:28:06 #9 type.registry] 
New type domain.User

[2025-03-06 18:28:06 #10 type.registry] 
New type domain.Booking

[2025-03-06 18:28:06 #11 type.registry] 
New type java.util.Vector<java.lang.Object>

[2025-03-06 18:28:06 #12 type.registry] 
New type java.util.Vector<domain.Ride>

------------------------------------------------------------------------------------------------------------------------

[2025-03-06 18:38:04 #1 store] 
Database 'C:\Users\ainho\OneDrive\Documentos\1.Uni\24-25\2-IS1\java\Rides24\mydb.odb' is opened by 21388@LAPTOP-SGCE98M9

[2025-03-06 18:38:05 #2 type] 
Type domain.Driver is not enhanced.

[2025-03-06 18:38:05 #3 type] 
Type domain.Ride is not enhanced.

[2025-03-06 18:38:05 #4 type] 
Type domain.User is not enhanced.

[2025-03-06 18:38:05 #5 type] 
Type domain.Booking is not enhanced.

[2025-03-06 18:38:05 #6 store] 
Database 'C:\Users\ainho\OneDrive\Documentos\1.Uni\24-25\2-IS1\java\Rides24\src\main\resources\rides.temp' is opened by 21388@LAPTOP-SGCE98M9

[2025-03-06 18:38:05 #7 type.registry] 
New type domain.Driver

[2025-03-06 18:38:05 #8 type.registry] 
New type domain.Ride

[2025-03-06 18:38:05 #9 type.registry] 
New type domain.User

[2025-03-06 18:38:05 #10 type.registry] 
New type domain.Booking

[2025-03-06 18:38:05 #11 type.registry] 
New type java.util.Vector<java.lang.Object>

[2025-03-06 18:38:05 #12 type.registry] 
New type java.util.Vector<domain.Ride>

------------------------------------------------------------------------------------------------------------------------

[2025-03-06 18:39:08 #1 store] 
Database 'C:\Users\ainho\OneDrive\Documentos\1.Uni\24-25\2-IS1\java\Rides24\mydb.odb' is opened by 692@LAPTOP-SGCE98M9

[2025-03-06 18:39:08 #2 type] 
Type domain.Driver is not enhanced.

[2025-03-06 18:39:08 #3 type] 
Type domain.Ride is not enhanced.

[2025-03-06 18:39:08 #4 type] 
Type domain.User is not enhanced.

[2025-03-06 18:39:08 #5 type] 
Type domain.Booking is not enhanced.

[2025-03-06 18:39:08 #6 store] 
Database 'C:\Users\ainho\OneDrive\Documentos\1.Uni\24-25\2-IS1\java\Rides24\src\main\resources\rides.temp' is opened by 692@LAPTOP-SGCE98M9

[2025-03-06 18:39:08 #7 type.registry] 
New type domain.Driver

[2025-03-06 18:39:08 #8 type.registry] 
New type domain.Ride

[2025-03-06 18:39:08 #9 type.registry] 
New type domain.User

[2025-03-06 18:39:08 #10 type.registry] 
New type domain.Booking

[2025-03-06 18:39:08 #11 type.registry] 
New type java.util.Vector<java.lang.Object>

[2025-03-06 18:39:08 #12 type.registry] 
New type java.util.Vector<domain.Ride>

------------------------------------------------------------------------------------------------------------------------

[2025-03-06 18:41:07 #1 store] 
Database 'C:\Users\ainho\OneDrive\Documentos\1.Uni\24-25\2-IS1\java\Rides24\mydb.odb' is opened by 3276@LAPTOP-SGCE98M9

[2025-03-06 18:41:07 #2 type] 
Type domain.Driver is not enhanced.

[2025-03-06 18:41:07 #3 type] 
Type domain.Ride is not enhanced.

[2025-03-06 18:41:07 #4 type] 
Type domain.User is not enhanced.

[2025-03-06 18:41:07 #5 type] 
Type domain.Booking is not enhanced.

[2025-03-06 18:41:07 #6 store] 
Database 'C:\Users\ainho\OneDrive\Documentos\1.Uni\24-25\2-IS1\java\Rides24\src\main\resources\rides.temp' is opened by 3276@LAPTOP-SGCE98M9

[2025-03-06 18:41:08 #7 type.registry] 
New type domain.Driver

[2025-03-06 18:41:08 #8 type.registry] 
New type domain.Ride

[2025-03-06 18:41:08 #9 type.registry] 
New type domain.User

[2025-03-06 18:41:08 #10 type.registry] 
New type domain.Booking

[2025-03-06 18:41:08 #11 type.registry] 
New type java.util.Vector<java.lang.Object>

[2025-03-06 18:41:08 #12 type.registry] 
New type java.util.Vector<domain.Ride>

------------------------------------------------------------------------------------------------------------------------

[2025-03-06 18:43:41 #1 store] 
Database 'C:\Users\ainho\OneDrive\Documentos\1.Uni\24-25\2-IS1\java\Rides24\mydb.odb' is opened by 13184@LAPTOP-SGCE98M9

[2025-03-06 18:43:41 #2 type] 
Type domain.Driver is not enhanced.

[2025-03-06 18:43:41 #3 type] 
Type domain.Ride is not enhanced.

[2025-03-06 18:43:41 #4 type] 
Type domain.User is not enhanced.

[2025-03-06 18:43:41 #5 type] 
Type domain.Booking is not enhanced.

[2025-03-06 18:43:41 #6 store] 
Database 'C:\Users\ainho\OneDrive\Documentos\1.Uni\24-25\2-IS1\java\Rides24\src\main\resources\rides.temp' is opened by 13184@LAPTOP-SGCE98M9

[2025-03-06 18:43:41 #7 type.registry] 
New type domain.Driver

[2025-03-06 18:43:41 #8 type.registry] 
New type domain.Ride

[2025-03-06 18:43:41 #9 type.registry] 
New type domain.User

[2025-03-06 18:43:41 #10 type.registry] 
New type domain.Booking

[2025-03-06 18:43:41 #11 type.registry] 
New type java.util.Vector<java.lang.Object>

[2025-03-06 18:43:41 #12 type.registry] 
New type java.util.Vector<domain.Ride>

------------------------------------------------------------------------------------------------------------------------

[2025-03-06 18:44:33 #1 store] 
Database 'C:\Users\ainho\OneDrive\Documentos\1.Uni\24-25\2-IS1\java\Rides24\mydb.odb' is opened by 22316@LAPTOP-SGCE98M9

[2025-03-06 18:44:33 #2 type] 
Type domain.Driver is not enhanced.

[2025-03-06 18:44:33 #3 type] 
Type domain.Ride is not enhanced.

[2025-03-06 18:44:33 #4 type] 
Type domain.User is not enhanced.

[2025-03-06 18:44:33 #5 type] 
Type domain.Booking is not enhanced.

[2025-03-06 18:44:33 #6 store] 
Database 'C:\Users\ainho\OneDrive\Documentos\1.Uni\24-25\2-IS1\java\Rides24\src\main\resources\rides.temp' is opened by 22316@LAPTOP-SGCE98M9

[2025-03-06 18:44:33 #7 type.registry] 
New type domain.Driver

[2025-03-06 18:44:33 #8 type.registry] 
New type domain.Ride

[2025-03-06 18:44:33 #9 type.registry] 
New type domain.User

[2025-03-06 18:44:33 #10 type.registry] 
New type domain.Booking

[2025-03-06 18:44:33 #11 type.registry] 
New type java.util.Vector<java.lang.Object>

[2025-03-06 18:44:33 #12 type.registry] 
New type java.util.Vector<domain.Ride>

------------------------------------------------------------------------------------------------------------------------

[2025-03-06 18:44:46 #1 store] 
Database 'C:\Users\ainho\OneDrive\Documentos\1.Uni\24-25\2-IS1\java\Rides24\mydb.odb' is opened by 2460@LAPTOP-SGCE98M9

[2025-03-06 18:44:46 #2 type] 
Type domain.Driver is not enhanced.

[2025-03-06 18:44:46 #3 type] 
Type domain.Ride is not enhanced.

[2025-03-06 18:44:46 #4 type] 
Type domain.User is not enhanced.

[2025-03-06 18:44:46 #5 type] 
Type domain.Booking is not enhanced.

[2025-03-06 18:44:46 #6 store] 
Database 'C:\Users\ainho\OneDrive\Documentos\1.Uni\24-25\2-IS1\java\Rides24\src\main\resources\rides.temp' is opened by 2460@LAPTOP-SGCE98M9

[2025-03-06 18:44:46 #7 type.registry] 
New type domain.Driver

[2025-03-06 18:44:46 #8 type.registry] 
New type domain.Ride

[2025-03-06 18:44:46 #9 type.registry] 
New type domain.User

[2025-03-06 18:44:46 #10 type.registry] 
New type domain.Booking

[2025-03-06 18:44:46 #11 type.registry] 
New type java.util.Vector<java.lang.Object>

[2025-03-06 18:44:46 #12 type.registry] 
New type java.util.Vector<domain.Ride>

------------------------------------------------------------------------------------------------------------------------

[2025-03-06 18:48:01 #1 store] 
Database 'C:\Users\ainho\OneDrive\Documentos\1.Uni\24-25\2-IS1\java\Rides24\mydb.odb' is opened by 21968@LAPTOP-SGCE98M9

[2025-03-06 18:48:01 #2 type] 
Type domain.Driver is not enhanced.

[2025-03-06 18:48:01 #3 type] 
Type domain.Ride is not enhanced.

[2025-03-06 18:48:01 #4 type] 
Type domain.User is not enhanced.

[2025-03-06 18:48:01 #5 type] 
Type domain.Booking is not enhanced.

[2025-03-06 18:48:01 #6 store] 
Database 'C:\Users\ainho\OneDrive\Documentos\1.Uni\24-25\2-IS1\java\Rides24\src\main\resources\rides.temp' is opened by 21968@LAPTOP-SGCE98M9

[2025-03-06 18:48:01 #7 type.registry] 
New type domain.Driver

[2025-03-06 18:48:01 #8 type.registry] 
New type domain.Ride

[2025-03-06 18:48:01 #9 type.registry] 
New type domain.User

[2025-03-06 18:48:01 #10 type.registry] 
New type domain.Booking

[2025-03-06 18:48:01 #11 type.registry] 
New type java.util.Vector<java.lang.Object>

[2025-03-06 18:48:01 #12 type.registry] 
New type java.util.Vector<domain.Ride>

------------------------------------------------------------------------------------------------------------------------

[2025-03-06 18:48:26 #1 store] 
Database 'C:\Users\ainho\OneDrive\Documentos\1.Uni\24-25\2-IS1\java\Rides24\mydb.odb' is opened by 18468@LAPTOP-SGCE98M9

[2025-03-06 18:48:26 #2 type] 
Type domain.Driver is not enhanced.

[2025-03-06 18:48:26 #3 type] 
Type domain.Ride is not enhanced.

[2025-03-06 18:48:26 #4 type] 
Type domain.User is not enhanced.

[2025-03-06 18:48:26 #5 type] 
Type domain.Booking is not enhanced.

[2025-03-06 18:48:26 #6 store] 
Database 'C:\Users\ainho\OneDrive\Documentos\1.Uni\24-25\2-IS1\java\Rides24\src\main\resources\rides.temp' is opened by 18468@LAPTOP-SGCE98M9

[2025-03-06 18:48:26 #7 type.registry] 
New type domain.Driver

[2025-03-06 18:48:26 #8 type.registry] 
New type domain.Ride

[2025-03-06 18:48:26 #9 type.registry] 
New type domain.User

[2025-03-06 18:48:26 #10 type.registry] 
New type domain.Booking

[2025-03-06 18:48:26 #11 type.registry] 
New type java.util.Vector<java.lang.Object>

[2025-03-06 18:48:26 #12 type.registry] 
New type java.util.Vector<domain.Ride>

------------------------------------------------------------------------------------------------------------------------

[2025-03-06 18:49:43 #1 store] 
Database 'C:\Users\ainho\OneDrive\Documentos\1.Uni\24-25\2-IS1\java\Rides24\mydb.odb' is opened by 18620@LAPTOP-SGCE98M9

[2025-03-06 18:49:43 #2 type] 
Type domain.Driver is not enhanced.

[2025-03-06 18:49:43 #3 type] 
Type domain.Ride is not enhanced.

[2025-03-06 18:49:43 #4 type] 
Type domain.User is not enhanced.

[2025-03-06 18:49:43 #5 type] 
Type domain.Booking is not enhanced.

[2025-03-06 18:49:43 #6 store] 
Database 'C:\Users\ainho\OneDrive\Documentos\1.Uni\24-25\2-IS1\java\Rides24\src\main\resources\rides.temp' is opened by 18620@LAPTOP-SGCE98M9

[2025-03-06 18:49:43 #7 type.registry] 
New type domain.Driver

[2025-03-06 18:49:43 #8 type.registry] 
New type domain.Ride

[2025-03-06 18:49:43 #9 type.registry] 
New type domain.User

[2025-03-06 18:49:43 #10 type.registry] 
New type domain.Booking

[2025-03-06 18:49:43 #11 type.registry] 
New type java.util.Vector<java.lang.Object>

[2025-03-06 18:49:43 #12 type.registry] 
New type java.util.Vector<domain.Ride>

------------------------------------------------------------------------------------------------------------------------

[2025-03-06 18:50:37 #1 store] 
Database 'C:\Users\ainho\OneDrive\Documentos\1.Uni\24-25\2-IS1\java\Rides24\mydb.odb' is opened by 19552@LAPTOP-SGCE98M9

[2025-03-06 18:50:37 #2 type] 
Type domain.Driver is not enhanced.

[2025-03-06 18:50:37 #3 type] 
Type domain.Ride is not enhanced.

[2025-03-06 18:50:37 #4 type] 
Type domain.User is not enhanced.

[2025-03-06 18:50:37 #5 type] 
Type domain.Booking is not enhanced.

[2025-03-06 18:50:37 #6 store] 
Database 'C:\Users\ainho\OneDrive\Documentos\1.Uni\24-25\2-IS1\java\Rides24\src\main\resources\rides.temp' is opened by 19552@LAPTOP-SGCE98M9

[2025-03-06 18:50:37 #7 type.registry] 
New type domain.Driver

[2025-03-06 18:50:37 #8 type.registry] 
New type domain.Ride

[2025-03-06 18:50:37 #9 type.registry] 
New type domain.User

[2025-03-06 18:50:37 #10 type.registry] 
New type domain.Booking

[2025-03-06 18:50:37 #11 type.registry] 
New type java.util.Vector<java.lang.Object>

[2025-03-06 18:50:37 #12 type.registry] 
New type java.util.Vector<domain.Ride>

------------------------------------------------------------------------------------------------------------------------

[2025-03-06 18:50:57 #1 store] 
Database 'C:\Users\ainho\OneDrive\Documentos\1.Uni\24-25\2-IS1\java\Rides24\mydb.odb' is opened by 12856@LAPTOP-SGCE98M9

[2025-03-06 18:50:57 #2 type] 
Type domain.Driver is not enhanced.

[2025-03-06 18:50:57 #3 type] 
Type domain.Ride is not enhanced.

[2025-03-06 18:50:57 #4 type] 
Type domain.User is not enhanced.

[2025-03-06 18:50:57 #5 type] 
Type domain.Booking is not enhanced.

[2025-03-06 18:50:58 #6 store] 
Database 'C:\Users\ainho\OneDrive\Documentos\1.Uni\24-25\2-IS1\java\Rides24\src\main\resources\rides.temp' is opened by 12856@LAPTOP-SGCE98M9

[2025-03-06 18:50:58 #7 type.registry] 
New type domain.Driver

[2025-03-06 18:50:58 #8 type.registry] 
New type domain.Ride

[2025-03-06 18:50:58 #9 type.registry] 
New type domain.User

[2025-03-06 18:50:58 #10 type.registry] 
New type domain.Booking

[2025-03-06 18:50:58 #11 type.registry] 
New type java.util.Vector<java.lang.Object>

[2025-03-06 18:50:58 #12 type.registry] 
New type java.util.Vector<domain.Ride>

------------------------------------------------------------------------------------------------------------------------

[2025-03-06 18:51:48 #1 store] 
Database 'C:\Users\ainho\OneDrive\Documentos\1.Uni\24-25\2-IS1\java\Rides24\mydb.odb' is opened by 15124@LAPTOP-SGCE98M9

[2025-03-06 18:51:48 #2 type] 
Type domain.Driver is not enhanced.

[2025-03-06 18:51:48 #3 type] 
Type domain.Ride is not enhanced.

[2025-03-06 18:51:48 #4 type] 
Type domain.User is not enhanced.

[2025-03-06 18:51:48 #5 type] 
Type domain.Booking is not enhanced.

[2025-03-06 18:51:48 #6 store] 
Database 'C:\Users\ainho\OneDrive\Documentos\1.Uni\24-25\2-IS1\java\Rides24\src\main\resources\rides.temp' is opened by 15124@LAPTOP-SGCE98M9

[2025-03-06 18:51:48 #7 type.registry] 
New type domain.Driver

[2025-03-06 18:51:48 #8 type.registry] 
New type domain.Ride

[2025-03-06 18:51:48 #9 type.registry] 
New type domain.User

[2025-03-06 18:51:48 #10 type.registry] 
New type domain.Booking

[2025-03-06 18:51:48 #11 type.registry] 
New type java.util.Vector<java.lang.Object>

[2025-03-06 18:51:48 #12 type.registry] 
New type java.util.Vector<domain.Ride>

------------------------------------------------------------------------------------------------------------------------

[2025-03-06 18:53:14 #1 store] 
Database 'C:\Users\ainho\OneDrive\Documentos\1.Uni\24-25\2-IS1\java\Rides24\mydb.odb' is opened by 3656@LAPTOP-SGCE98M9

[2025-03-06 18:53:14 #2 type] 
Type domain.Driver is not enhanced.

[2025-03-06 18:53:14 #3 type] 
Type domain.Ride is not enhanced.

[2025-03-06 18:53:14 #4 type] 
Type domain.User is not enhanced.

[2025-03-06 18:53:14 #5 type] 
Type domain.Booking is not enhanced.

[2025-03-06 18:53:14 #6 store] 
Database 'C:\Users\ainho\OneDrive\Documentos\1.Uni\24-25\2-IS1\java\Rides24\src\main\resources\rides.temp' is opened by 3656@LAPTOP-SGCE98M9

[2025-03-06 18:53:14 #7 type.registry] 
New type domain.Driver

[2025-03-06 18:53:14 #8 type.registry] 
New type domain.Ride

[2025-03-06 18:53:14 #9 type.registry] 
New type domain.User

[2025-03-06 18:53:14 #10 type.registry] 
New type domain.Booking

[2025-03-06 18:53:14 #11 type.registry] 
New type java.util.Vector<java.lang.Object>

[2025-03-06 18:53:14 #12 type.registry] 
New type java.util.Vector<domain.Ride>

------------------------------------------------------------------------------------------------------------------------

[2025-03-06 18:59:04 #1 store] 
Database 'C:\Users\ainho\OneDrive\Documentos\1.Uni\24-25\2-IS1\java\Rides24\mydb.odb' is opened by 12724@LAPTOP-SGCE98M9

[2025-03-06 18:59:04 #2 type] 
Type domain.Driver is not enhanced.

[2025-03-06 18:59:04 #3 type] 
Type domain.Ride is not enhanced.

[2025-03-06 18:59:04 #4 type] 
Type domain.User is not enhanced.

[2025-03-06 18:59:04 #5 type] 
Type domain.Booking is not enhanced.

[2025-03-06 18:59:04 #6 store] 
Database 'C:\Users\ainho\OneDrive\Documentos\1.Uni\24-25\2-IS1\java\Rides24\src\main\resources\rides.temp' is opened by 12724@LAPTOP-SGCE98M9

[2025-03-06 18:59:04 #7 type.registry] 
New type domain.Driver

[2025-03-06 18:59:04 #8 type.registry] 
New type domain.Ride

[2025-03-06 18:59:04 #9 type.registry] 
New type domain.User

[2025-03-06 18:59:04 #10 type.registry] 
New type domain.Booking

[2025-03-06 18:59:04 #11 type.registry] 
New type java.util.Vector<java.lang.Object>

[2025-03-06 18:59:04 #12 type.registry] 
New type java.util.Vector<domain.Ride>

------------------------------------------------------------------------------------------------------------------------

[2025-03-06 19:02:07 #1 store] 
Database 'C:\Users\ainho\OneDrive\Documentos\1.Uni\24-25\2-IS1\java\Rides24\mydb.odb' is opened by 14064@LAPTOP-SGCE98M9

[2025-03-06 19:02:08 #2 type] 
Type domain.Driver is not enhanced.

[2025-03-06 19:02:08 #3 type] 
Type domain.Ride is not enhanced.

[2025-03-06 19:02:08 #4 type] 
Type domain.User is not enhanced.

[2025-03-06 19:02:08 #5 type] 
Type domain.Booking is not enhanced.

------------------------------------------------------------------------------------------------------------------------

[2025-03-06 19:02:42 #1 store] 
Database 'C:\Users\ainho\OneDrive\Documentos\1.Uni\24-25\2-IS1\java\Rides24\mydb.odb' is opened by 22708@LAPTOP-SGCE98M9

[2025-03-06 19:02:42 #2 type] 
Type domain.Driver is not enhanced.

[2025-03-06 19:02:42 #3 type] 
Type domain.Ride is not enhanced.

[2025-03-06 19:02:42 #4 type] 
Type domain.User is not enhanced.

[2025-03-06 19:02:42 #5 type] 
Type domain.Booking is not enhanced.

[2025-03-06 19:02:42 #6 store] 
Database 'C:\Users\ainho\OneDrive\Documentos\1.Uni\24-25\2-IS1\java\Rides24\src\main\resources\rides.temp' is opened by 22708@LAPTOP-SGCE98M9

[2025-03-06 19:02:42 #7 type.registry] 
New type domain.Driver

[2025-03-06 19:02:42 #8 type.registry] 
New type domain.Ride

[2025-03-06 19:02:42 #9 type.registry] 
New type domain.User

[2025-03-06 19:02:42 #10 type.registry] 
New type domain.Booking

[2025-03-06 19:02:42 #11 type.registry] 
New type java.util.Vector<java.lang.Object>

[2025-03-06 19:02:42 #12 type.registry] 
New type java.util.Vector<domain.Ride>

------------------------------------------------------------------------------------------------------------------------

[2025-03-06 19:03:29 #1 store] 
Database 'C:\Users\ainho\OneDrive\Documentos\1.Uni\24-25\2-IS1\java\Rides24\mydb.odb' is opened by 12180@LAPTOP-SGCE98M9

[2025-03-06 19:03:30 #2 type] 
Type domain.Driver is not enhanced.

[2025-03-06 19:03:30 #3 type] 
Type domain.Ride is not enhanced.

[2025-03-06 19:03:30 #4 type] 
Type domain.User is not enhanced.

[2025-03-06 19:03:30 #5 type] 
Type domain.Booking is not enhanced.

[2025-03-06 19:03:30 #6 store] 
Database 'C:\Users\ainho\OneDrive\Documentos\1.Uni\24-25\2-IS1\java\Rides24\src\main\resources\rides.temp' is opened by 12180@LAPTOP-SGCE98M9

[2025-03-06 19:03:30 #7 type.registry] 
New type domain.Driver

[2025-03-06 19:03:30 #8 type.registry] 
New type domain.Ride

[2025-03-06 19:03:30 #9 type.registry] 
New type domain.User

[2025-03-06 19:03:30 #10 type.registry] 
New type domain.Booking

[2025-03-06 19:03:30 #11 type.registry] 
New type java.util.Vector<java.lang.Object>

[2025-03-06 19:03:30 #12 type.registry] 
New type java.util.Vector<domain.Ride>

------------------------------------------------------------------------------------------------------------------------

[2025-03-06 19:11:49 #1 store] 
Database 'C:\Users\ainho\OneDrive\Documentos\1.Uni\24-25\2-IS1\java\Rides24\mydb.odb' is opened by 8468@LAPTOP-SGCE98M9

[2025-03-06 19:11:49 #2 type] 
Type domain.Driver is not enhanced.

[2025-03-06 19:11:49 #3 type] 
Type domain.Ride is not enhanced.

[2025-03-06 19:11:49 #4 type] 
Type domain.User is not enhanced.

[2025-03-06 19:11:49 #5 type] 
Type domain.Booking is not enhanced.

[2025-03-06 19:11:50 #6 store] 
Database 'C:\Users\ainho\OneDrive\Documentos\1.Uni\24-25\2-IS1\java\Rides24\src\main\resources\rides.temp' is opened by 8468@LAPTOP-SGCE98M9

[2025-03-06 19:11:50 #7 type.registry] 
New type domain.Driver

[2025-03-06 19:11:50 #8 type.registry] 
New type domain.Ride

[2025-03-06 19:11:50 #9 type.registry] 
New type domain.User

[2025-03-06 19:11:50 #10 type.registry] 
New type domain.Booking

[2025-03-06 19:11:50 #11 type.registry] 
New type java.util.Vector<java.lang.Object>

[2025-03-06 19:11:50 #12 type.registry] 
New type java.util.Vector<domain.Ride>

------------------------------------------------------------------------------------------------------------------------

[2025-03-06 19:13:47 #1 store] 
Database 'C:\Users\ainho\OneDrive\Documentos\1.Uni\24-25\2-IS1\java\Rides24\mydb.odb' is opened by 352@LAPTOP-SGCE98M9

[2025-03-06 19:13:48 #2 type] 
Type domain.Driver is not enhanced.

[2025-03-06 19:13:48 #3 type] 
Type domain.Ride is not enhanced.

[2025-03-06 19:13:48 #4 type] 
Type domain.User is not enhanced.

[2025-03-06 19:13:48 #5 type] 
Type domain.Booking is not enhanced.

[2025-03-06 19:13:48 #6 store] 
Database 'C:\Users\ainho\OneDrive\Documentos\1.Uni\24-25\2-IS1\java\Rides24\src\main\resources\rides.temp' is opened by 352@LAPTOP-SGCE98M9

[2025-03-06 19:13:48 #7 type.registry] 
New type domain.Driver

[2025-03-06 19:13:48 #8 type.registry] 
New type domain.Ride

[2025-03-06 19:13:48 #9 type.registry] 
New type domain.User

[2025-03-06 19:13:48 #10 type.registry] 
New type domain.Booking

[2025-03-06 19:13:48 #11 type.registry] 
New type java.util.Vector<java.lang.Object>

[2025-03-06 19:13:48 #12 type.registry] 
New type java.util.Vector<domain.Ride>

------------------------------------------------------------------------------------------------------------------------

[2025-03-06 19:16:59 #1 store] 
Database 'C:\Users\ainho\OneDrive\Documentos\1.Uni\24-25\2-IS1\java\Rides24\mydb.odb' is opened by 7432@LAPTOP-SGCE98M9

[2025-03-06 19:16:59 #2 type] 
Type domain.Driver is not enhanced.

[2025-03-06 19:16:59 #3 type] 
Type domain.Ride is not enhanced.

[2025-03-06 19:16:59 #4 type] 
Type domain.User is not enhanced.

[2025-03-06 19:16:59 #5 type] 
Type domain.Booking is not enhanced.

[2025-03-06 19:16:59 #6 store] 
Database 'C:\Users\ainho\OneDrive\Documentos\1.Uni\24-25\2-IS1\java\Rides24\src\main\resources\rides.temp' is opened by 7432@LAPTOP-SGCE98M9

------------------------------------------------------------------------------------------------------------------------

[2025-03-06 19:18:06 #1 store] 
Database 'C:\Users\ainho\OneDrive\Documentos\1.Uni\24-25\2-IS1\java\Rides24\mydb.odb' is opened by 13320@LAPTOP-SGCE98M9

[2025-03-06 19:18:06 #2 type] 
Type domain.Driver is not enhanced.

[2025-03-06 19:18:06 #3 type] 
Type domain.Ride is not enhanced.

[2025-03-06 19:18:06 #4 type] 
Type domain.User is not enhanced.

[2025-03-06 19:18:06 #5 type] 
Type domain.Booking is not enhanced.

[2025-03-06 19:18:06 #6 store] 
Database 'C:\Users\ainho\OneDrive\Documentos\1.Uni\24-25\2-IS1\java\Rides24\src\main\resources\rides.temp' is opened by 13320@LAPTOP-SGCE98M9

[2025-03-06 19:18:06 #7 type.registry] 
New type domain.Driver

[2025-03-06 19:18:06 #8 type.registry] 
New type domain.Ride

[2025-03-06 19:18:06 #9 type.registry] 
New type domain.User

[2025-03-06 19:18:06 #10 type.registry] 
New type domain.Booking

[2025-03-06 19:18:06 #11 type.registry] 
New type java.util.Vector<java.lang.Object>

[2025-03-06 19:18:06 #12 type.registry] 
New type java.util.Vector<domain.Ride>

------------------------------------------------------------------------------------------------------------------------

[2025-03-06 19:28:56 #1 store] 
Database 'C:\Users\ainho\OneDrive\Documentos\1.Uni\24-25\2-IS1\java\Rides24\mydb.odb' is opened by 22428@LAPTOP-SGCE98M9

[2025-03-06 19:28:56 #2 type] 
Type domain.Driver is not enhanced.

[2025-03-06 19:28:57 #3 type] 
Type domain.Ride is not enhanced.

[2025-03-06 19:28:57 #4 type] 
Type domain.User is not enhanced.

[2025-03-06 19:28:57 #5 type] 
Type domain.Booking is not enhanced.

[2025-03-06 19:28:57 #6 store] 
Database 'C:\Users\ainho\OneDrive\Documentos\1.Uni\24-25\2-IS1\java\Rides24\src\main\resources\rides.temp' is opened by 22428@LAPTOP-SGCE98M9

[2025-03-06 19:28:57 #7 type.registry] 
New type domain.Driver

[2025-03-06 19:28:57 #8 type.registry] 
New type domain.Ride

[2025-03-06 19:28:57 #9 type.registry] 
New type domain.User

[2025-03-06 19:28:57 #10 type.registry] 
New type domain.Booking

[2025-03-06 19:28:57 #11 type.registry] 
New type java.util.Vector<java.lang.Object>

[2025-03-06 19:28:57 #12 type.registry] 
New type java.util.Vector<domain.Ride>

------------------------------------------------------------------------------------------------------------------------

[2025-03-06 19:32:40 #1 store] 
Database 'C:\Users\ainho\OneDrive\Documentos\1.Uni\24-25\2-IS1\java\Rides24\mydb.odb' is opened by 16412@LAPTOP-SGCE98M9

[2025-03-06 19:32:40 #2 type] 
Type domain.Driver is not enhanced.

[2025-03-06 19:32:40 #3 type] 
Type domain.Ride is not enhanced.

[2025-03-06 19:32:40 #4 type] 
Type domain.User is not enhanced.

[2025-03-06 19:32:40 #5 type] 
Type domain.Booking is not enhanced.

[2025-03-06 19:32:40 #6 store] 
Database 'C:\Users\ainho\OneDrive\Documentos\1.Uni\24-25\2-IS1\java\Rides24\src\main\resources\rides.temp' has been recovered (tr. 1-10)

[2025-03-06 19:32:40 #7 store] 
Database 'C:\Users\ainho\OneDrive\Documentos\1.Uni\24-25\2-IS1\java\Rides24\src\main\resources\rides.temp' is opened by 16412@LAPTOP-SGCE98M9

------------------------------------------------------------------------------------------------------------------------

[2025-03-06 19:36:23 #1 store] 
Database 'C:\Users\ainho\OneDrive\Documentos\1.Uni\24-25\2-IS1\java\Rides24\mydb.odb' is opened by 13120@LAPTOP-SGCE98M9

[2025-03-06 19:36:23 #2 type] 
Type domain.Driver is not enhanced.

[2025-03-06 19:36:23 #3 type] 
Type domain.Ride is not enhanced.

[2025-03-06 19:36:23 #4 type] 
Type domain.User is not enhanced.

[2025-03-06 19:36:23 #5 type] 
Type domain.Booking is not enhanced.

[2025-03-06 19:36:23 #6 store] 
Database 'C:\Users\ainho\OneDrive\Documentos\1.Uni\24-25\2-IS1\java\Rides24\src\main\resources\rides.temp' is opened by 13120@LAPTOP-SGCE98M9

------------------------------------------------------------------------------------------------------------------------

[2025-03-06 21:27:20 #1 store] 
Database 'C:\Users\ainho\OneDrive\Documentos\1.Uni\24-25\2-IS1\java\Rides24\mydb.odb' is opened by 5980@LAPTOP-SGCE98M9

[2025-03-06 21:27:20 #2 type] 
Type domain.Driver is not enhanced.

[2025-03-06 21:27:20 #3 type] 
Type domain.Ride is not enhanced.

[2025-03-06 21:27:20 #4 type] 
Type domain.User is not enhanced.

[2025-03-06 21:27:20 #5 type] 
Type domain.Booking is not enhanced.

[2025-03-06 21:27:20 #6 store] 
Database 'C:\Users\ainho\OneDrive\Documentos\1.Uni\24-25\2-IS1\java\Rides24\src\main\resources\rides.temp' is opened by 5980@LAPTOP-SGCE98M9

------------------------------------------------------------------------------------------------------------------------

[2025-03-06 21:28:05 #1 store] 
Database 'C:\Users\ainho\OneDrive\Documentos\1.Uni\24-25\2-IS1\java\Rides24\mydb.odb' has been recovered (tr. 10-10)

[2025-03-06 21:28:05 #2 store] 
Database 'C:\Users\ainho\OneDrive\Documentos\1.Uni\24-25\2-IS1\java\Rides24\mydb.odb' is opened by 7920@LAPTOP-SGCE98M9

[2025-03-06 21:28:05 #3 type] 
Type domain.Driver is not enhanced.

[2025-03-06 21:28:05 #4 type] 
Type domain.Ride is not enhanced.

[2025-03-06 21:28:05 #5 type] 
Type domain.User is not enhanced.

[2025-03-06 21:28:05 #6 type] 
Type domain.Booking is not enhanced.

[2025-03-06 21:28:05 #7 store] 
Database 'C:\Users\ainho\OneDrive\Documentos\1.Uni\24-25\2-IS1\java\Rides24\src\main\resources\rides.temp' has been recovered (tr. 18-18)

[2025-03-06 21:28:05 #8 store] 
Database 'C:\Users\ainho\OneDrive\Documentos\1.Uni\24-25\2-IS1\java\Rides24\src\main\resources\rides.temp' is opened by 7920@LAPTOP-SGCE98M9

------------------------------------------------------------------------------------------------------------------------

[2025-03-06 21:34:19 #1 store] 
Database 'C:\Users\ainho\OneDrive\Documentos\1.Uni\24-25\2-IS1\java\Rides24\mydb.odb' is opened by 10268@LAPTOP-SGCE98M9

[2025-03-06 21:34:20 #2 type] 
Type domain.Driver is not enhanced.

[2025-03-06 21:34:20 #3 type] 
Type domain.Ride is not enhanced.

[2025-03-06 21:34:20 #4 type] 
Type domain.User is not enhanced.

[2025-03-06 21:34:20 #5 type] 
Type domain.Booking is not enhanced.

[2025-03-06 21:34:20 #6 store] 
Database 'C:\Users\ainho\OneDrive\Documentos\1.Uni\24-25\2-IS1\java\Rides24\src\main\resources\rides.temp' is opened by 10268@LAPTOP-SGCE98M9

------------------------------------------------------------------------------------------------------------------------

[2025-03-06 21:39:05 #1 store] 
Database 'C:\Users\ainho\OneDrive\Documentos\1.Uni\24-25\2-IS1\java\Rides24\mydb.odb' is opened by 22184@LAPTOP-SGCE98M9

[2025-03-06 21:39:05 #2 type] 
Type domain.Driver is not enhanced.

[2025-03-06 21:39:05 #3 type] 
Type domain.Ride is not enhanced.

[2025-03-06 21:39:05 #4 type] 
Type domain.User is not enhanced.

[2025-03-06 21:39:05 #5 type] 
Type domain.Booking is not enhanced.

[2025-03-06 21:39:05 #6 store] 
Database 'C:\Users\ainho\OneDrive\Documentos\1.Uni\24-25\2-IS1\java\Rides24\src\main\resources\rides.temp' is opened by 22184@LAPTOP-SGCE98M9

------------------------------------------------------------------------------------------------------------------------

[2025-03-06 21:45:32 #1 store] 
Database 'C:\Users\ainho\OneDrive\Documentos\1.Uni\24-25\2-IS1\java\Rides24\mydb.odb' is opened by 22792@LAPTOP-SGCE98M9

[2025-03-06 21:45:32 #2 type] 
Type domain.Driver is not enhanced.

[2025-03-06 21:45:32 #3 type] 
Type domain.Ride is not enhanced.

[2025-03-06 21:45:32 #4 type] 
Type domain.User is not enhanced.

[2025-03-06 21:45:32 #5 type] 
Type domain.Booking is not enhanced.

[2025-03-06 21:45:32 #6 store] 
Database 'C:\Users\ainho\OneDrive\Documentos\1.Uni\24-25\2-IS1\java\Rides24\src\main\resources\rides.temp' is opened by 22792@LAPTOP-SGCE98M9

------------------------------------------------------------------------------------------------------------------------

[2025-03-06 21:47:12 #1 store] 
Database 'C:\Users\ainho\OneDrive\Documentos\1.Uni\24-25\2-IS1\java\Rides24\mydb.odb' is opened by 11188@LAPTOP-SGCE98M9

[2025-03-06 21:47:12 #2 type] 
Type domain.Driver is not enhanced.

[2025-03-06 21:47:12 #3 type] 
Type domain.Ride is not enhanced.

[2025-03-06 21:47:12 #4 type] 
Type domain.User is not enhanced.

[2025-03-06 21:47:12 #5 type] 
Type domain.Booking is not enhanced.

[2025-03-06 21:47:13 #6 store] 
Database 'C:\Users\ainho\OneDrive\Documentos\1.Uni\24-25\2-IS1\java\Rides24\src\main\resources\rides.temp' is opened by 11188@LAPTOP-SGCE98M9

------------------------------------------------------------------------------------------------------------------------

[2025-03-06 21:49:22 #1 store] 
Database 'C:\Users\ainho\OneDrive\Documentos\1.Uni\24-25\2-IS1\java\Rides24\mydb.odb' is opened by 15096@LAPTOP-SGCE98M9

[2025-03-06 21:49:22 #2 type] 
Type domain.Driver is not enhanced.

[2025-03-06 21:49:22 #3 type] 
Type domain.Ride is not enhanced.

[2025-03-06 21:49:22 #4 type] 
Type domain.User is not enhanced.

[2025-03-06 21:49:22 #5 type] 
Type domain.Booking is not enhanced.

[2025-03-06 21:49:23 #6 store] 
Database 'C:\Users\ainho\OneDrive\Documentos\1.Uni\24-25\2-IS1\java\Rides24\src\main\resources\rides.temp' is opened by 15096@LAPTOP-SGCE98M9

------------------------------------------------------------------------------------------------------------------------

[2025-03-06 21:50:04 #1 store] 
Database 'C:\Users\ainho\OneDrive\Documentos\1.Uni\24-25\2-IS1\java\Rides24\mydb.odb' is opened by 15220@LAPTOP-SGCE98M9

[2025-03-06 21:50:04 #2 type] 
Type domain.Driver is not enhanced.

[2025-03-06 21:50:04 #3 type] 
Type domain.Ride is not enhanced.

[2025-03-06 21:50:04 #4 type] 
Type domain.User is not enhanced.

[2025-03-06 21:50:04 #5 type] 
Type domain.Booking is not enhanced.

[2025-03-06 21:50:05 #6 store] 
Database 'C:\Users\ainho\OneDrive\Documentos\1.Uni\24-25\2-IS1\java\Rides24\src\main\resources\rides.temp' is opened by 15220@LAPTOP-SGCE98M9

------------------------------------------------------------------------------------------------------------------------

[2025-03-06 21:52:16 #1 store] 
Database 'C:\Users\ainho\OneDrive\Documentos\1.Uni\24-25\2-IS1\java\Rides24\mydb.odb' is opened by 4172@LAPTOP-SGCE98M9

[2025-03-06 21:52:16 #2 type] 
Type domain.Driver is not enhanced.

[2025-03-06 21:52:16 #3 type] 
Type domain.Ride is not enhanced.

[2025-03-06 21:52:16 #4 type] 
Type domain.User is not enhanced.

[2025-03-06 21:52:16 #5 type] 
Type domain.Booking is not enhanced.

[2025-03-06 21:52:16 #6 store] 
Database 'C:\Users\ainho\OneDrive\Documentos\1.Uni\24-25\2-IS1\java\Rides24\src\main\resources\rides.temp' is opened by 4172@LAPTOP-SGCE98M9

------------------------------------------------------------------------------------------------------------------------

[2025-03-06 21:57:46 #1 store] 
Database 'C:\Users\ainho\OneDrive\Documentos\1.Uni\24-25\2-IS1\java\Rides24\mydb.odb' is opened by 22676@LAPTOP-SGCE98M9

[2025-03-06 21:57:46 #2 type] 
Type domain.Driver is not enhanced.

[2025-03-06 21:57:46 #3 type] 
Type domain.Ride is not enhanced.

[2025-03-06 21:57:46 #4 type] 
Type domain.User is not enhanced.

[2025-03-06 21:57:46 #5 type] 
Type domain.Booking is not enhanced.

[2025-03-06 21:57:46 #6 store] 
Database 'C:\Users\ainho\OneDrive\Documentos\1.Uni\24-25\2-IS1\java\Rides24\src\main\resources\rides.temp' is opened by 22676@LAPTOP-SGCE98M9

------------------------------------------------------------------------------------------------------------------------

[2025-03-06 22:06:27 #1 store] 
Database 'C:\Users\ainho\OneDrive\Documentos\1.Uni\24-25\2-IS1\java\Rides24v1\mydb.odb' is opened by 22744@LAPTOP-SGCE98M9

[2025-03-06 22:06:28 #2 type] 
Type domain.Driver is not enhanced.

[2025-03-06 22:06:28 #3 type] 
Type domain.Ride is not enhanced.

[2025-03-06 22:06:28 #4 type] 
Type domain.User is not enhanced.

[2025-03-06 22:06:28 #5 type] 
Type domain.Booking is not enhanced.

[2025-03-06 22:06:28 #6 store] 
Database 'C:\Users\ainho\OneDrive\Documentos\1.Uni\24-25\2-IS1\java\Rides24v1\src\main\resources\rides.temp' is opened by 22744@LAPTOP-SGCE98M9

------------------------------------------------------------------------------------------------------------------------

[2025-03-06 23:33:49 #1 store] 
Database 'C:\Users\ainho\OneDrive\Documentos\1.Uni\24-25\2-IS1\java\Rides24v1\mydb.odb' is opened by 21732@LAPTOP-SGCE98M9

[2025-03-06 23:33:49 #2 type] 
Type domain.Driver is not enhanced.

[2025-03-06 23:33:49 #3 type] 
Type domain.Ride is not enhanced.

[2025-03-06 23:33:49 #4 type] 
Type domain.User is not enhanced.

[2025-03-06 23:33:49 #5 type] 
Type domain.Booking is not enhanced.

[2025-03-06 23:33:49 #6 store] 
Database 'C:\Users\ainho\OneDrive\Documentos\1.Uni\24-25\2-IS1\java\Rides24v1\src\main\resources\rides.temp' is opened by 21732@LAPTOP-SGCE98M9

------------------------------------------------------------------------------------------------------------------------

[2025-03-06 23:35:06 #1 store] 
Database 'C:\Users\ainho\OneDrive\Documentos\1.Uni\24-25\2-IS1\java\Rides24v1\mydb.odb' is opened by 1764@LAPTOP-SGCE98M9

[2025-03-06 23:35:06 #2 type] 
Type domain.Driver is not enhanced.

[2025-03-06 23:35:06 #3 type] 
Type domain.Ride is not enhanced.

[2025-03-06 23:35:06 #4 type] 
Type domain.User is not enhanced.

[2025-03-06 23:35:06 #5 type] 
Type domain.Booking is not enhanced.

[2025-03-06 23:35:06 #6 store] 
Database 'C:\Users\ainho\OneDrive\Documentos\1.Uni\24-25\2-IS1\java\Rides24v1\src\main\resources\rides.temp' is opened by 1764@LAPTOP-SGCE98M9

