------------------------------------------------------------------------------------------------------------------------

[2025-05-05 12:53:48 #1 store] 
Database 'C:\Users\ainho\git\rides\Rides24v1\mydb.odb' is opened by 1712@LAPTOP-SGCE98M9

------------------------------------------------------------------------------------------------------------------------

[2025-05-05 12:54:16 #1 store] 
Database 'C:\Users\ainho\git\rides\Rides24v1\mydb.odb' is opened by 10264@LAPTOP-SGCE98M9

------------------------------------------------------------------------------------------------------------------------

[2025-05-05 12:55:05 #1 store] 
Database 'C:\Users\ainho\git\rides\Rides24v1\mydb.odb' is opened by 17224@LAPTOP-SGCE98M9

------------------------------------------------------------------------------------------------------------------------

[2025-05-05 12:59:22 #1 store] 
Database 'C:\Users\ainho\git\rides\Rides24v1\mydb.odb' is opened by 18796@LAPTOP-SGCE98M9

------------------------------------------------------------------------------------------------------------------------

[2025-05-05 13:02:09 #1 store] 
Database 'C:\Users\ainho\git\rides\Rides24v1\mydb.odb' is opened by 15100@LAPTOP-SGCE98M9

[2025-05-05 13:02:09 #2 store] 
Database 'C:\Users\ainho\git\rides\Rides24v1\src\main\resources\rides.temp' is opened by 15100@LAPTOP-SGCE98M9

------------------------------------------------------------------------------------------------------------------------

[2025-05-05 14:05:29 #1 store] 
Database 'C:\Users\ainho\git\rides\Rides24v1\mydb.odb' is opened by 5208@LAPTOP-SGCE98M9

[2025-05-05 14:05:29 #2 store] 
Database 'C:\Users\ainho\git\rides\Rides24v1\src\main\resources\rides.temp' has been recovered (tr. 1-2)

[2025-05-05 14:05:29 #3 store] 
Database 'C:\Users\ainho\git\rides\Rides24v1\src\main\resources\rides.temp' is opened by 5208@LAPTOP-SGCE98M9

------------------------------------------------------------------------------------------------------------------------

[2025-05-05 14:07:05 #1 store] 
Database 'C:\Users\ainho\git\rides\Rides24v1\mydb.odb' is opened by 22508@LAPTOP-SGCE98M9

[2025-05-05 14:07:05 #2 store] 
Database 'C:\Users\ainho\git\rides\Rides24v1\src\main\resources\rides.temp' is opened by 22508@LAPTOP-SGCE98M9

------------------------------------------------------------------------------------------------------------------------

[2025-05-05 14:07:17 #1 store] 
Database 'C:\Users\ainho\git\rides\Rides24v1\mydb.odb' is opened by 3100@LAPTOP-SGCE98M9

[2025-05-05 14:07:17 #2 store] 
Database 'C:\Users\ainho\git\rides\Rides24v1\src\main\resources\rides.temp' is opened by 3100@LAPTOP-SGCE98M9

------------------------------------------------------------------------------------------------------------------------

[2025-05-05 14:07:30 #1 store] 
Database 'C:\Users\ainho\git\rides\Rides24v1\mydb.odb' is opened by 21472@LAPTOP-SGCE98M9

[2025-05-05 14:07:30 #2 store] 
Database 'C:\Users\ainho\git\rides\Rides24v1\src\main\resources\rides.temp' is opened by 21472@LAPTOP-SGCE98M9

------------------------------------------------------------------------------------------------------------------------

[2025-05-05 14:07:43 #1 store] 
Database 'C:\Users\ainho\git\rides\Rides24v1\mydb.odb' is opened by 10328@LAPTOP-SGCE98M9

[2025-05-05 14:07:43 #2 store] 
Database 'C:\Users\ainho\git\rides\Rides24v1\src\main\resources\rides.temp' is opened by 10328@LAPTOP-SGCE98M9

------------------------------------------------------------------------------------------------------------------------

[2025-05-05 14:09:24 #1 store] 
Database 'C:\Users\ainho\git\rides\Rides24v1\mydb.odb' is opened by 17808@LAPTOP-SGCE98M9

[2025-05-05 14:09:24 #2 store] 
Database 'C:\Users\ainho\git\rides\Rides24v1\src\main\resources\rides.temp' is opened by 17808@LAPTOP-SGCE98M9

------------------------------------------------------------------------------------------------------------------------

[2025-05-05 14:09:42 #1 store] 
Database 'C:\Users\ainho\git\rides\Rides24v1\mydb.odb' is opened by 20740@LAPTOP-SGCE98M9

[2025-05-05 14:09:42 #2 store] 
Database 'C:\Users\ainho\git\rides\Rides24v1\src\main\resources\rides.temp' is opened by 20740@LAPTOP-SGCE98M9

------------------------------------------------------------------------------------------------------------------------

[2025-05-05 14:14:58 #1 store] 
Database 'C:\Users\ainho\git\rides\Rides24v1\mydb.odb' is opened by 12728@LAPTOP-SGCE98M9

[2025-05-05 14:14:59 #2 store] 
Database 'C:\Users\ainho\git\rides\Rides24v1\src\main\resources\rides.temp' is opened by 12728@LAPTOP-SGCE98M9

------------------------------------------------------------------------------------------------------------------------

[2025-05-05 14:15:15 #1 store] 
Database 'C:\Users\ainho\git\rides\Rides24v1\mydb.odb' is opened by 21584@LAPTOP-SGCE98M9

[2025-05-05 14:15:15 #2 store] 
Database 'C:\Users\ainho\git\rides\Rides24v1\src\main\resources\rides.temp' is opened by 21584@LAPTOP-SGCE98M9

------------------------------------------------------------------------------------------------------------------------

[2025-05-05 14:19:16 #1 store] 
Database 'C:\Users\ainho\git\rides\Rides24v1\mydb.odb' is opened by 10352@LAPTOP-SGCE98M9

------------------------------------------------------------------------------------------------------------------------

[2025-05-05 14:28:01 #1 store] 
Database 'C:\Users\ainho\git\rides\Rides24v1\mydb.odb' is opened by 22968@LAPTOP-SGCE98M9

------------------------------------------------------------------------------------------------------------------------

[2025-05-05 14:29:58 #1 store] 
Database 'C:\Users\ainho\git\rides\Rides24v1\mydb.odb' is opened by 13848@LAPTOP-SGCE98M9

[2025-05-05 14:29:58 #2 store] 
Database 'C:\Users\ainho\git\rides\Rides24v1\src\main\resources\rides.temp' is opened by 13848@LAPTOP-SGCE98M9

[2025-05-05 14:29:58 #3 type] 
Type domain.Driver is not enhanced.

[2025-05-05 14:29:58 #4 type] 
Type domain.Ride is not enhanced.

[2025-05-05 14:29:58 #5 type] 
Type domain.User is not enhanced.

[2025-05-05 14:29:58 #6 type] 
Type domain.Booking is not enhanced.

[2025-05-05 14:29:58 #7 type] 
Type domain.Review is not enhanced.

