------------------------------------------------------------------------------------------------------------------------

[2025-03-29 17:24:45 #1 store] 
Database 'C:\Users\ainho\git\rides\Rides24v1\mydb.odb' is opened by 22452@LAPTOP-SGCE98M9

[2025-03-29 17:24:45 #2 type] 
Type domain.Driver is not enhanced.

[2025-03-29 17:24:45 #3 type] 
Type domain.Ride is not enhanced.

[2025-03-29 17:24:45 #4 type] 
Type domain.User is not enhanced.

[2025-03-29 17:24:45 #5 type] 
Type domain.Booking is not enhanced.

[2025-03-29 17:24:45 #6 store] 
Database 'C:\Users\ainho\git\rides\Rides24v1\src\main\resources\rides.temp' is opened by 22452@LAPTOP-SGCE98M9

------------------------------------------------------------------------------------------------------------------------

[2025-03-29 17:28:27 #1 store] 
Database 'C:\Users\ainho\git\rides\Rides24v1\mydb.odb' is opened by 4140@LAPTOP-SGCE98M9

[2025-03-29 17:28:27 #2 type] 
Type domain.Driver is not enhanced.

[2025-03-29 17:28:27 #3 type] 
Type domain.Ride is not enhanced.

[2025-03-29 17:28:27 #4 type] 
Type domain.User is not enhanced.

[2025-03-29 17:28:27 #5 type] 
Type domain.Booking is not enhanced.

[2025-03-29 17:28:27 #6 store] 
Database 'C:\Users\ainho\git\rides\Rides24v1\src\main\resources\rides.temp' is opened by 4140@LAPTOP-SGCE98M9

------------------------------------------------------------------------------------------------------------------------

[2025-03-29 17:29:10 #1 store] 
Database 'C:\Users\ainho\git\rides\Rides24v1\mydb.odb' is opened by 16696@LAPTOP-SGCE98M9

[2025-03-29 17:29:10 #2 type] 
Type domain.Driver is not enhanced.

[2025-03-29 17:29:10 #3 type] 
Type domain.Ride is not enhanced.

[2025-03-29 17:29:10 #4 type] 
Type domain.User is not enhanced.

[2025-03-29 17:29:10 #5 type] 
Type domain.Booking is not enhanced.

[2025-03-29 17:29:10 #6 store] 
Database 'C:\Users\ainho\git\rides\Rides24v1\src\main\resources\rides.temp' is opened by 16696@LAPTOP-SGCE98M9

------------------------------------------------------------------------------------------------------------------------

[2025-03-29 18:28:29 #1 store] 
Database 'C:\Users\ainho\git\rides\Rides24v1\mydb.odb' is opened by 8604@LAPTOP-SGCE98M9

[2025-03-29 18:28:29 #2 type] 
Type domain.Driver is not enhanced.

[2025-03-29 18:28:29 #3 type] 
Type domain.Ride is not enhanced.

[2025-03-29 18:28:29 #4 type] 
Type domain.User is not enhanced.

[2025-03-29 18:28:29 #5 type] 
Type domain.Booking is not enhanced.

[2025-03-29 18:28:29 #6 store] 
Database 'C:\Users\ainho\git\rides\Rides24v1\src\main\resources\rides.temp' is opened by 8604@LAPTOP-SGCE98M9

------------------------------------------------------------------------------------------------------------------------

[2025-03-29 18:44:44 #1 store] 
Database 'C:\Users\ainho\git\rides\Rides24v1\mydb.odb' is opened by 6708@LAPTOP-SGCE98M9

[2025-03-29 18:44:44 #2 type] 
Type domain.Driver is not enhanced.

[2025-03-29 18:44:44 #3 type] 
Type domain.Ride is not enhanced.

[2025-03-29 18:44:44 #4 type] 
Type domain.User is not enhanced.

[2025-03-29 18:44:44 #5 type] 
Type domain.Booking is not enhanced.

[2025-03-29 18:44:44 #6 store] 
Database 'C:\Users\ainho\git\rides\Rides24v1\src\main\resources\rides.temp' has been recovered (tr. 24-24)

[2025-03-29 18:44:44 #7 store] 
Database 'C:\Users\ainho\git\rides\Rides24v1\src\main\resources\rides.temp' is opened by 6708@LAPTOP-SGCE98M9

------------------------------------------------------------------------------------------------------------------------

[2025-03-29 18:51:30 #1 store] 
Database 'C:\Users\ainho\git\rides\Rides24v1\mydb.odb' is opened by 22236@LAPTOP-SGCE98M9

[2025-03-29 18:51:30 #2 type] 
Type domain.Driver is not enhanced.

[2025-03-29 18:51:30 #3 type] 
Type domain.Ride is not enhanced.

[2025-03-29 18:51:30 #4 type] 
Type domain.User is not enhanced.

[2025-03-29 18:51:30 #5 type] 
Type domain.Booking is not enhanced.

[2025-03-29 18:51:30 #6 store] 
Database 'C:\Users\ainho\git\rides\Rides24v1\src\main\resources\rides.temp' is opened by 22236@LAPTOP-SGCE98M9

------------------------------------------------------------------------------------------------------------------------

[2025-03-29 19:07:35 #1 store] 
Database 'C:\Users\ainho\git\rides\Rides24v1\mydb.odb' is opened by 7600@LAPTOP-SGCE98M9

[2025-03-29 19:07:35 #2 type] 
Type domain.Driver is not enhanced.

[2025-03-29 19:07:35 #3 type] 
Type domain.Ride is not enhanced.

[2025-03-29 19:07:35 #4 type] 
Type domain.User is not enhanced.

[2025-03-29 19:07:35 #5 type] 
Type domain.Booking is not enhanced.

[2025-03-29 19:07:35 #6 store] 
Database 'C:\Users\ainho\git\rides\Rides24v1\src\main\resources\rides.temp' has been recovered (tr. 25-25)

[2025-03-29 19:07:35 #7 store] 
Database 'C:\Users\ainho\git\rides\Rides24v1\src\main\resources\rides.temp' is opened by 7600@LAPTOP-SGCE98M9

------------------------------------------------------------------------------------------------------------------------

[2025-03-29 19:10:31 #1 store] 
Database 'C:\Users\ainho\git\rides\Rides24v1\mydb.odb' is opened by 20884@LAPTOP-SGCE98M9

[2025-03-29 19:10:31 #2 type] 
Type domain.Driver is not enhanced.

[2025-03-29 19:10:31 #3 type] 
Type domain.Ride is not enhanced.

[2025-03-29 19:10:31 #4 type] 
Type domain.User is not enhanced.

[2025-03-29 19:10:31 #5 type] 
Type domain.Booking is not enhanced.

[2025-03-29 19:10:31 #6 store] 
Database 'C:\Users\ainho\git\rides\Rides24v1\src\main\resources\rides.temp' is opened by 20884@LAPTOP-SGCE98M9

