------------------------------------------------------------------------------------------------------------------------

[2025-03-10 17:46:39 #1 store] 
Database 'C:\Users\ainho\git\rides\Rides24v1\mydb.odb' is opened by 14860@LAPTOP-SGCE98M9

[2025-03-10 17:46:39 #2 type] 
Type domain.Driver is not enhanced.

[2025-03-10 17:46:39 #3 type] 
Type domain.Ride is not enhanced.

[2025-03-10 17:46:39 #4 type] 
Type domain.User is not enhanced.

[2025-03-10 17:46:39 #5 type] 
Type domain.Booking is not enhanced.

[2025-03-10 17:46:39 #6 store] 
Database 'C:\Users\ainho\git\rides\Rides24v1\src\main\resources\rides.temp' is opened by 14860@LAPTOP-SGCE98M9

------------------------------------------------------------------------------------------------------------------------

[2025-03-10 17:51:56 #1 store] 
Database 'C:\Users\ainho\git\rides\Rides24v1\mydb.odb' is opened by 24628@LAPTOP-SGCE98M9

[2025-03-10 17:51:56 #2 type] 
Type domain.Driver is not enhanced.

[2025-03-10 17:51:56 #3 type] 
Type domain.Ride is not enhanced.

[2025-03-10 17:51:56 #4 type] 
Type domain.User is not enhanced.

[2025-03-10 17:51:56 #5 type] 
Type domain.Booking is not enhanced.

[2025-03-10 17:51:56 #6 store] 
Database 'C:\Users\ainho\git\rides\Rides24v1\src\main\resources\rides.temp' is opened by 24628@LAPTOP-SGCE98M9

------------------------------------------------------------------------------------------------------------------------

[2025-03-10 17:53:01 #1 store] 
Database 'C:\Users\ainho\git\rides\Rides24v1\mydb.odb' is opened by 10468@LAPTOP-SGCE98M9

[2025-03-10 17:53:01 #2 type] 
Type domain.Driver is not enhanced.

[2025-03-10 17:53:01 #3 type] 
Type domain.Ride is not enhanced.

[2025-03-10 17:53:01 #4 type] 
Type domain.User is not enhanced.

[2025-03-10 17:53:01 #5 type] 
Type domain.Booking is not enhanced.

[2025-03-10 17:53:01 #6 store] 
Database 'C:\Users\ainho\git\rides\Rides24v1\src\main\resources\rides.temp' is opened by 10468@LAPTOP-SGCE98M9

------------------------------------------------------------------------------------------------------------------------

[2025-03-10 17:56:22 #1 store] 
Database 'C:\Users\ainho\git\rides\Rides24v1\mydb.odb' is opened by 9400@LAPTOP-SGCE98M9

[2025-03-10 17:56:22 #2 type] 
Type domain.Driver is not enhanced.

[2025-03-10 17:56:22 #3 type] 
Type domain.Ride is not enhanced.

[2025-03-10 17:56:22 #4 type] 
Type domain.User is not enhanced.

[2025-03-10 17:56:22 #5 type] 
Type domain.Booking is not enhanced.

[2025-03-10 17:56:22 #6 store] 
Database 'C:\Users\ainho\git\rides\Rides24v1\src\main\resources\rides.temp' is opened by 9400@LAPTOP-SGCE98M9

------------------------------------------------------------------------------------------------------------------------

[2025-03-10 17:56:44 #1 store] 
Database 'C:\Users\ainho\git\rides\Rides24v1\mydb.odb' is opened by 7804@LAPTOP-SGCE98M9

[2025-03-10 17:56:44 #2 type] 
Type domain.Driver is not enhanced.

[2025-03-10 17:56:44 #3 type] 
Type domain.Ride is not enhanced.

[2025-03-10 17:56:44 #4 type] 
Type domain.User is not enhanced.

[2025-03-10 17:56:44 #5 type] 
Type domain.Booking is not enhanced.

[2025-03-10 17:56:44 #6 store] 
Database 'C:\Users\ainho\git\rides\Rides24v1\src\main\resources\rides.temp' is opened by 7804@LAPTOP-SGCE98M9

------------------------------------------------------------------------------------------------------------------------

[2025-03-10 17:57:26 #1 store] 
Database 'C:\Users\ainho\git\rides\Rides24v1\mydb.odb' is opened by 24092@LAPTOP-SGCE98M9

[2025-03-10 17:57:26 #2 type] 
Type domain.Driver is not enhanced.

[2025-03-10 17:57:26 #3 type] 
Type domain.Ride is not enhanced.

[2025-03-10 17:57:26 #4 type] 
Type domain.User is not enhanced.

[2025-03-10 17:57:26 #5 type] 
Type domain.Booking is not enhanced.

[2025-03-10 17:57:26 #6 store] 
Database 'C:\Users\ainho\git\rides\Rides24v1\src\main\resources\rides.temp' is opened by 24092@LAPTOP-SGCE98M9

------------------------------------------------------------------------------------------------------------------------

[2025-03-10 18:00:49 #1 store] 
Database 'C:\Users\ainho\git\rides\Rides24v1\mydb.odb' is opened by 15708@LAPTOP-SGCE98M9

[2025-03-10 18:00:49 #2 type] 
Type domain.Driver is not enhanced.

[2025-03-10 18:00:49 #3 type] 
Type domain.Ride is not enhanced.

[2025-03-10 18:00:49 #4 type] 
Type domain.User is not enhanced.

[2025-03-10 18:00:49 #5 type] 
Type domain.Booking is not enhanced.

[2025-03-10 18:00:50 #6 store] 
Database 'C:\Users\ainho\git\rides\Rides24v1\src\main\resources\rides.temp' is opened by 15708@LAPTOP-SGCE98M9

------------------------------------------------------------------------------------------------------------------------

[2025-03-10 18:07:32 #1 store] 
Database 'C:\Users\ainho\git\rides\Rides24v1\mydb.odb' is opened by 9480@LAPTOP-SGCE98M9

[2025-03-10 18:07:32 #2 type] 
Type domain.Driver is not enhanced.

[2025-03-10 18:07:32 #3 type] 
Type domain.Ride is not enhanced.

[2025-03-10 18:07:32 #4 type] 
Type domain.User is not enhanced.

[2025-03-10 18:07:32 #5 type] 
Type domain.Booking is not enhanced.

[2025-03-10 18:07:32 #6 store] 
Database 'C:\Users\ainho\git\rides\Rides24v1\src\main\resources\rides.temp' is opened by 9480@LAPTOP-SGCE98M9

------------------------------------------------------------------------------------------------------------------------

[2025-03-10 18:07:48 #1 store] 
Database 'C:\Users\ainho\git\rides\Rides24v1\mydb.odb' is opened by 23508@LAPTOP-SGCE98M9

[2025-03-10 18:07:48 #2 type] 
Type domain.Driver is not enhanced.

[2025-03-10 18:07:48 #3 type] 
Type domain.Ride is not enhanced.

[2025-03-10 18:07:48 #4 type] 
Type domain.User is not enhanced.

[2025-03-10 18:07:48 #5 type] 
Type domain.Booking is not enhanced.

[2025-03-10 18:07:49 #6 store] 
Database 'C:\Users\ainho\git\rides\Rides24v1\src\main\resources\rides.temp' is opened by 23508@LAPTOP-SGCE98M9

------------------------------------------------------------------------------------------------------------------------

[2025-03-10 18:08:07 #1 store] 
Database 'C:\Users\ainho\git\rides\Rides24v1\mydb.odb' is opened by 19252@LAPTOP-SGCE98M9

[2025-03-10 18:08:07 #2 type] 
Type domain.Driver is not enhanced.

[2025-03-10 18:08:07 #3 type] 
Type domain.Ride is not enhanced.

[2025-03-10 18:08:07 #4 type] 
Type domain.User is not enhanced.

[2025-03-10 18:08:07 #5 type] 
Type domain.Booking is not enhanced.

[2025-03-10 18:08:07 #6 store] 
Database 'C:\Users\ainho\git\rides\Rides24v1\src\main\resources\rides.temp' is opened by 19252@LAPTOP-SGCE98M9

